Start
Fri Jun 19 13:25:00 BST 2015

RFM construction benchmark

Reference: female
Target: maternal
Threads: 8

Relative FM-index builder
Using OpenMP with 8 threads

Algorithm: invariant
Input format: plain
SA sample rate: 257
ISA sample rate: 512

Reference: female

BWT:              1090.28 MB (3.01219 bpc)
SA samples:       681.332 MB (1.88235 bpc)
ISA samples:      180.979 MB (0.5 bpc)
Simple FM:        1952.6 MB (5.39454 bpc)


Target: maternal
Reference size: 3036320416
Target size: 3036191208
Built the merging bitvector in 2925.82 seconds
Matched 3001221512 positions in 6958.24 seconds
Found a common subsequence of length 2980010799 in 972.847 seconds
Built the bwt_lcs bitvectors and samples in 1942.21 seconds
Index built in 12839.9 seconds

BWT:              1090.24 MB (3.01219 bpc)
SA samples:       681.303 MB (1.88235 bpc)
ISA samples:      180.971 MB (0.5 bpc)
Simple FM:        1952.51 MB (5.39455 bpc)

ref_minus_lcs:    19.2911 MB (0.053299 bpc)
seq_minus_lcs:    19.2473 MB (0.0531778 bpc)
bwt_lcs:          163.138 MB (0.450729 bpc)
text_lcs:         125.532 MB (0.34683 bpc)
SA samples:       45.0667 MB (0.124514 bpc)
ISA samples:      22.6214 MB (0.0625 bpc)
Relative FM:      394.897 MB (1.09105 bpc)


Memory usage: 84237 MB


End
Fri Jun 19 17:02:06 BST 2015


------------------------------------------------------------
Sender: LSF System <lsfadmin@vr-3-1-09>
Subject: Job 4358895: </nfs/users/nfs_j/js35/job_scripts/build_rfm female maternal 8> in cluster <vr> Done

Job </nfs/users/nfs_j/js35/job_scripts/build_rfm female maternal 8> was submitted from host <vr-2-2-02> by user <js35> in cluster <vr>.
Job was executed on host(s) <8*vr-3-1-09>, in queue <long>, as user <js35> in cluster <vr>.
</nfs/users/nfs_j/js35> was used as the home directory.
</nfs/users/nfs_j/js35> was used as the working directory.
Started at Fri Jun 19 13:25:00 2015
Results reported at Fri Jun 19 17:02:06 2015

Your job looked like:

------------------------------------------------------------
# LSBATCH: User input
/nfs/users/nfs_j/js35/job_scripts/build_rfm female maternal 8
------------------------------------------------------------

Successfully completed.

Resource usage summary:

    CPU time :               14613.86 sec.
    Max Memory :             84242 MB
    Average Memory :         12916.67 MB
    Total Requested Memory : 131072.00 MB
    Delta Memory :           46830.00 MB
    (Delta: the difference between total requested memory and actual max usage.)
    Max Swap :               88399 MB

    Max Processes :          4
    Max Threads :            12

The output (if any) is above this job summary.



PS:

Read file </nfs/users/nfs_j/js35/logs/build_rfm_4358895.err> for stderr output of this job.

