Start
Tue Jun 23 15:28:49 BST 2015

CST traverse timings

Reference: human
Target: maternal

DFS traversal in compressed suffix trees

Reference: human

FM-index:         1999.67 MB (5.41863 bpc)
LCP array:        3862.42 MB (10.4663 bpc)
Reference data:   5862.09 MB (15.8849 bpc)


Sequence: maternal

Relative CST:     1546.64 MB (4.27318 bpc)
Relative CST:     5127716113 nodes in 2496.22 seconds

cst_sct3_dac:     6543.94 MB (18.0801 bpc)
cst_sct3_dac:     5127716113 nodes in 1418.5 seconds

cst_sct3_plcp:    3905.7 MB (10.7909 bpc)
cst_sct3_plcp:    5127716113 nodes in 1381.21 seconds

cst_sada:         4462.21 MB (12.3285 bpc)
cst_sada:         5127716113 nodes in 502.511 seconds

cst_fully:        1802.96 MB (4.98135 bpc)


Memory used: 32110.4 MB


End
Wed Jun 24 04:53:15 BST 2015


------------------------------------------------------------
Sender: LSF System <lsfadmin@vr-1-1-03>
Subject: Job 4379375: </nfs/users/nfs_j/js35/job_scripts/cst_traverse human maternal> in cluster <vr> Done

Job </nfs/users/nfs_j/js35/job_scripts/cst_traverse human maternal> was submitted from host <vr-2-2-02> by user <js35> in cluster <vr>.
Job was executed on host(s) <32*vr-1-1-03>, in queue <long>, as user <js35> in cluster <vr>.
</nfs/users/nfs_j/js35> was used as the home directory.
</nfs/users/nfs_j/js35> was used as the working directory.
Started at Tue Jun 23 15:28:49 2015
Results reported at Wed Jun 24 04:53:15 2015

Your job looked like:

------------------------------------------------------------
# LSBATCH: User input
/nfs/users/nfs_j/js35/job_scripts/cst_traverse human maternal
------------------------------------------------------------

Successfully completed.

Resource usage summary:

    CPU time :               49075.85 sec.
    Max Memory :             32118 MB
    Average Memory :         13408.78 MB
    Total Requested Memory : 65536.00 MB
    Delta Memory :           33418.00 MB
    (Delta: the difference between total requested memory and actual max usage.)
    Max Swap :               32176 MB

    Max Processes :          4
    Max Threads :            5

The output (if any) is above this job summary.



PS:

Read file </nfs/users/nfs_j/js35/logs/cst_traverse_4379375.err> for stderr output of this job.

