Start
Thu Apr 16 09:42:00 BST 2015

Indexing a synthetic human genome

Reference: human
Mutation rate: 0.0010
Target: synth_0.0010
Threads: 8

Sequence mutator

Source: human
Size: 3095693981
Target: synth_0.0010
Mutation rate: 0.001

Target size: 3095693265
Substitutions: 2573110
Insertions: 154611, total size 774361
Deletions: 154875, total size 775077

BWT construction
Options: alphabet isa_sample_rate=64 lcp sa_sample_rate=17

File: synth_0.0010
Text size: 3095693265
BWT built in 1165.34 seconds (2.5334 MB/s)
Alphabet written to synth_0.0010.alpha
BWT written to synth_0.0010.bwt
Samples written to synth_0.0010.samples
LCP array built in 815.732 seconds (3.61918 MB/s)
LCP array written to synth_0.0010.lcp

Relative FM-index and LCP array builder
Using OpenMP with 8 threads

Algorithm: invariant
Input format: plain
SA sample rate: 257
ISA sample rate: 512

Reference: human

BWT:              1120.49 MB (3.03628 bpc)
SA samples:       694.655 MB (1.88235 bpc)
ISA samples:      184.518 MB (0.5 bpc)
Simple FM:        1999.67 MB (5.41863 bpc)

LCP array:        3862.42 MB (10.4663 bpc)


Target: synth_0.0010
Reference size: 3095693982
Target size: 3095693266
Built the merging bitvector in 3793.28 seconds
Matched 3049774652 positions in 8669.23 seconds
Found a common subsequence of length 3017972073 in 799.324 seconds
Built the bwt_lcs bitvectors and samples in 1849.27 seconds
Index built in 15155.1 seconds

BWT:              1120.53 MB (3.03637 bpc)
SA samples:       694.655 MB (1.88235 bpc)
ISA samples:      184.518 MB (0.5 bpc)
Simple FM:        1999.7 MB (5.41872 bpc)

ref_minus_lcs:    27.9173 MB (0.0756493 bpc)
seq_minus_lcs:    27.9476 MB (0.0757315 bpc)
bwt_lcs:          190.639 MB (0.516586 bpc)
text_lcs:         131.43 MB (0.356146 bpc)
SA samples:       45.9499 MB (0.124514 bpc)
ISA samples:      23.0647 MB (0.0625 bpc)
Relative FM:      446.949 MB (1.21113 bpc)

The RLZ parsing of the LCP array consists of 132150310 phrases
Relative LCP array built in 10605 seconds

LCP array:        3847.63 MB (10.4262 bpc)

Phrases:          504.113 MB (1.36603 bpc)
Blocks:           117.937 MB (0.319582 bpc)
Samples:          144.591 MB (0.391808 bpc)
Tree:             178.523 MB (0.483757 bpc)
Relative LCP:     945.165 MB (2.56118 bpc)


Memory usage: 101494 MB


End
Thu Apr 16 17:31:48 BST 2015


------------------------------------------------------------
Sender: LSF System <lsfadmin@vr-4-1-13>
Subject: Job 3888642: </nfs/users/nfs_j/js35/job_scripts/index_synth 0.0010 8> in cluster <vr> Done

Job </nfs/users/nfs_j/js35/job_scripts/index_synth 0.0010 8> was submitted from host <vr-2-2-02> by user <js35> in cluster <vr>.
Job was executed on host(s) <8*vr-4-1-13>, in queue <long>, as user <js35> in cluster <vr>.
</nfs/users/nfs_j/js35> was used as the home directory.
</nfs/users/nfs_j/js35> was used as the working directory.
Started at Thu Apr 16 09:41:59 2015
Results reported at Thu Apr 16 17:31:48 2015

Your job looked like:

------------------------------------------------------------
# LSBATCH: User input
/nfs/users/nfs_j/js35/job_scripts/index_synth 0.0010 8
------------------------------------------------------------

Successfully completed.

Resource usage summary:

    CPU time :               30209.01 sec.
    Max Memory :             101500 MB
    Average Memory :         25498.52 MB
    Total Requested Memory : 131072.00 MB
    Delta Memory :           29572.00 MB
    (Delta: the difference between total requested memory and actual max usage.)
    Max Swap :               105578 MB

    Max Processes :          4
    Max Threads :            12

The output (if any) is above this job summary.



PS:

Read file </nfs/users/nfs_j/js35/logs/index_synth_0.0010.err> for stderr output of this job.

