Start
Fri Apr 17 15:15:35 BST 2015

Testing the relative FM-index with assembled genomes

Reference: human
Target: old_paternal
Threads: 8

BWT construction
Options: alphabet

File: old_paternal
Text size: 3036185259
BWT built in 1046.43 seconds (2.76706 MB/s)
Alphabet written to old_paternal.alpha
BWT written to old_paternal.bwt

Relative FM-index builder
Using OpenMP with 8 threads

Algorithm: partitioning
Input format: plain
Block size: 1024
Maximum diagonal: 8192
Maximum length: 32
Buffers: on demand

Reference: human

BWT:              1120.49 MB (3.03628 bpc)
SA samples:       694.655 MB (1.88235 bpc)
ISA samples:      184.518 MB (0.5 bpc)
Simple FM:        1999.67 MB (5.41863 bpc)


Target: old_paternal
Reference size: 3095693982
Target size: 3036185260
Found 8326922 ranges with intersection length 3033209612 in 16.4793 seconds
Partitioning misses: reference 1865, target 699
Partitioning losses: reference 62482505, target 2974949
Found a common subsequence of length 2991871821 in 84.4343 seconds
LCS losses: exact 41299743, heuristics 38048

Index built in 141.447 seconds

BWT:              1090.24 MB (3.01219 bpc)
Simple FM:        1090.24 MB (3.0122 bpc)

ref_minus_lcs:    38.5915 MB (0.106624 bpc)
seq_minus_lcs:    15.1762 MB (0.04193 bpc)
bwt_lcs:          164.004 MB (0.453123 bpc)
Relative FM:      217.772 MB (0.601678 bpc)


Memory usage: 5048.17 MB


End
Fri Apr 17 15:39:29 BST 2015


------------------------------------------------------------
Sender: LSF System <lsfadmin@vr-4-1-13>
Subject: Job 3892021: </nfs/users/nfs_j/js35/job_scripts/old_rfm human old_paternal 8> in cluster <vr> Done

Job </nfs/users/nfs_j/js35/job_scripts/old_rfm human old_paternal 8> was submitted from host <vr-2-2-02> by user <js35> in cluster <vr>.
Job was executed on host(s) <8*vr-4-1-13>, in queue <normal>, as user <js35> in cluster <vr>.
</nfs/users/nfs_j/js35> was used as the home directory.
</nfs/users/nfs_j/js35> was used as the working directory.
Started at Fri Apr 17 15:15:35 2015
Results reported at Fri Apr 17 15:39:29 2015

Your job looked like:

------------------------------------------------------------
# LSBATCH: User input
/nfs/users/nfs_j/js35/job_scripts/old_rfm human old_paternal 8
------------------------------------------------------------

Successfully completed.

Resource usage summary:

    CPU time :               1954.78 sec.
    Max Memory :             26066 MB
    Average Memory :         19826.27 MB
    Total Requested Memory : 32768.00 MB
    Delta Memory :           6702.00 MB
    (Delta: the difference between total requested memory and actual max usage.)
    Max Swap :               26128 MB

    Max Processes :          4
    Max Threads :            12

The output (if any) is above this job summary.



PS:

Read file </nfs/users/nfs_j/js35/logs/old_rfm_3892021.err> for stderr output of this job.

