Start
Thu Apr 16 11:41:56 BST 2015

Verifying the relative LCP array

Reference: human
Target: maternal

RLCP verifier

Reference: human

LCP array:        3862.42 MB (10.4663 bpc)


Target: maternal

LCP array:        3689.77 MB (10.1944 bpc)

Phrases:          520.881 MB (1.43913 bpc)
Blocks:           124.647 MB (0.344384 bpc)
Samples:          196.667 MB (0.543366 bpc)
Tree:             257.812 MB (0.712303 bpc)
Relative LCP:     1100.01 MB (3.03918 bpc)

LCP (random):     100000000 queries in 5.19795 seconds (0.0519795 µs/query)
LCP (seq):        3036191208 queries in 2.9926 seconds (0.000985642 µs/query)
RLCP (random):    100000000 queries in 109.64 seconds (1.0964 µs/query)
RLCP (seq):       3036191208 queries in 361.823 seconds (0.11917 µs/query)

RMQ:              100000000 queries in 276.931 seconds (2.76931 µs/query)

PSV:              100000000 queries in 193.526 seconds (1.93526 µs/query)

PSEV:             100000000 queries in 191.532 seconds (1.91532 µs/query)

NSV:              100000000 queries in 190.958 seconds (1.90958 µs/query)

NSEV:             100000000 queries in 185.394 seconds (1.85394 µs/query)


End
Thu Apr 16 12:08:01 BST 2015


------------------------------------------------------------
Sender: LSF System <lsfadmin@vr-4-1-14>
Subject: Job 3888648: </nfs/users/nfs_j/js35/job_scripts/verify_lcp human maternal> in cluster <vr> Done

Job </nfs/users/nfs_j/js35/job_scripts/verify_lcp human maternal> was submitted from host <vr-2-2-02> by user <js35> in cluster <vr>.
Job was executed on host(s) <32*vr-4-1-14>, in queue <normal>, as user <js35> in cluster <vr>.
</nfs/users/nfs_j/js35> was used as the home directory.
</nfs/users/nfs_j/js35> was used as the working directory.
Started at Thu Apr 16 11:41:56 2015
Results reported at Thu Apr 16 12:08:01 2015

Your job looked like:

------------------------------------------------------------
# LSBATCH: User input
/nfs/users/nfs_j/js35/job_scripts/verify_lcp human maternal
------------------------------------------------------------

Successfully completed.

Resource usage summary:

    CPU time :               1576.38 sec.
    Max Memory :             10197 MB
    Average Memory :         9417.69 MB
    Total Requested Memory : 16384.00 MB
    Delta Memory :           6187.00 MB
    (Delta: the difference between total requested memory and actual max usage.)
    Max Swap :               10256 MB

    Max Processes :          4
    Max Threads :            5

The output (if any) is above this job summary.



PS:

Read file </nfs/users/nfs_j/js35/logs/verify_lcp_3888648.err> for stderr output of this job.

