Start
Fri Jun 19 13:25:00 BST 2015

RFM construction benchmark

Reference: human
Target: maternal
Threads: 8

Relative FM-index builder
Using OpenMP with 8 threads

Algorithm: invariant
Input format: plain
SA sample rate: 257
ISA sample rate: 512

Reference: human

BWT:              1120.49 MB (3.03628 bpc)
SA samples:       694.655 MB (1.88235 bpc)
ISA samples:      184.518 MB (0.5 bpc)
Simple FM:        1999.67 MB (5.41863 bpc)


Target: maternal
Reference size: 3095693982
Target size: 3036191208
Built the merging bitvector in 3280.44 seconds
Matched 3032774943 positions in 8422.83 seconds
Found a common subsequence of length 2979962648 in 919.432 seconds
Built the bwt_lcs bitvectors and samples in 1629.56 seconds
Index built in 14300.1 seconds

BWT:              1090.24 MB (3.01219 bpc)
SA samples:       681.303 MB (1.88235 bpc)
ISA samples:      180.971 MB (0.5 bpc)
Simple FM:        1952.51 MB (5.39455 bpc)

ref_minus_lcs:    43.4075 MB (0.119929 bpc)
seq_minus_lcs:    19.2637 MB (0.0532231 bpc)
bwt_lcs:          189.846 MB (0.524521 bpc)
text_lcs:         126.431 MB (0.349311 bpc)
SA samples:       45.0667 MB (0.124514 bpc)
ISA samples:      22.6214 MB (0.0625 bpc)
Relative FM:      446.637 MB (1.234 bpc)


Memory usage: 85741.6 MB


End
Fri Jun 19 17:26:19 BST 2015


------------------------------------------------------------
Sender: LSF System <lsfadmin@vr-4-1-04>
Subject: Job 4358894: </nfs/users/nfs_j/js35/job_scripts/build_rfm human maternal 8> in cluster <vr> Done

Job </nfs/users/nfs_j/js35/job_scripts/build_rfm human maternal 8> was submitted from host <vr-2-2-02> by user <js35> in cluster <vr>.
Job was executed on host(s) <8*vr-4-1-04>, in queue <long>, as user <js35> in cluster <vr>.
</nfs/users/nfs_j/js35> was used as the home directory.
</nfs/users/nfs_j/js35> was used as the working directory.
Started at Fri Jun 19 13:24:59 2015
Results reported at Fri Jun 19 17:26:19 2015

Your job looked like:

------------------------------------------------------------
# LSBATCH: User input
/nfs/users/nfs_j/js35/job_scripts/build_rfm human maternal 8
------------------------------------------------------------

Successfully completed.

Resource usage summary:

    CPU time :               16295.37 sec.
    Max Memory :             85747 MB
    Average Memory :         12521.13 MB
    Total Requested Memory : 131072.00 MB
    Delta Memory :           45325.00 MB
    (Delta: the difference between total requested memory and actual max usage.)
    Max Swap :               89858 MB

    Max Processes :          4
    Max Threads :            12

The output (if any) is above this job summary.



PS:

Read file </nfs/users/nfs_j/js35/logs/build_rfm_4358894.err> for stderr output of this job.

