Start
Tue Jun 23 15:28:50 BST 2015

Matching statistics timings

Reference: female
Target: maternal2

Finding the matching statistics with a CST

Reference: female
FM-index:         1952.6 MB (5.39454 bpc)
LCP array:        3690.1 MB (10.1948 bpc)
Reference data:   5642.7 MB (15.5894 bpc)

Target: maternal2
Sequence: paternal_chr1_noNruns (225271390 bytes)

Relative (slow):  1144.74 MB (3.16278 bpc)
Relative (slow):  Average maximal match: 427.958 (54576.2 seconds)

Relative (fast):  1307.93 MB (3.61363 bpc)
Relative (fast):  Average maximal match: 427.958 (23346.4 seconds)

cst_sct3_dac:     6543.94 MB (18.0801 bpc)
cst_sct3_dac:     Average maximal match: 427.958 (7201.41 seconds)

cst_sct3_plcp:    3905.7 MB (10.7909 bpc)
cst_sct3_plcp:    Average maximal match: 427.958 (11702.3 seconds)

cst_sada:         4462.21 MB (12.3285 bpc)
cst_sada:         Average maximal match: 427.958 (18876.6 seconds)

cst_fully:        1802.96 MB (4.98135 bpc)

Memory used: 23180.2 MB


End
Wed Jun 24 23:40:28 BST 2015


------------------------------------------------------------
Sender: LSF System <lsfadmin@vr-4-1-10>
Subject: Job 4379378: </nfs/users/nfs_j/js35/job_scripts/cst_compare female maternal2> in cluster <vr> Done

Job </nfs/users/nfs_j/js35/job_scripts/cst_compare female maternal2> was submitted from host <vr-2-2-02> by user <js35> in cluster <vr>.
Job was executed on host(s) <32*vr-4-1-10>, in queue <long>, as user <js35> in cluster <vr>.
</nfs/users/nfs_j/js35> was used as the home directory.
</nfs/users/nfs_j/js35> was used as the working directory.
Started at Tue Jun 23 15:28:49 2015
Results reported at Wed Jun 24 23:40:28 2015

Your job looked like:

------------------------------------------------------------
# LSBATCH: User input
/nfs/users/nfs_j/js35/job_scripts/cst_compare female maternal2
------------------------------------------------------------

Successfully completed.

Resource usage summary:

    CPU time :               118037.72 sec.
    Max Memory :             23169 MB
    Average Memory :         12733.99 MB
    Total Requested Memory : 65536.00 MB
    Delta Memory :           42367.00 MB
    (Delta: the difference between total requested memory and actual max usage.)
    Max Swap :               25222 MB

    Max Processes :          4
    Max Threads :            5

The output (if any) is above this job summary.



PS:

Read file </nfs/users/nfs_j/js35/logs/cst_compare_4379378.err> for stderr output of this job.

