Start
Thu Apr 16 09:41:59 BST 2015

Indexing a synthetic human genome

Reference: human
Mutation rate: 0.0001
Target: synth_0.0001
Threads: 8

Sequence mutator

Source: human
Size: 3095693981
Target: synth_0.0001
Mutation rate: 0.0001

Target size: 3095694076
Substitutions: 257442
Insertions: 15343, total size 76784
Deletions: 15520, total size 76689

BWT construction
Options: alphabet isa_sample_rate=64 lcp sa_sample_rate=17

File: synth_0.0001
Text size: 3095694076
BWT built in 1028.68 seconds (2.86998 MB/s)
Alphabet written to synth_0.0001.alpha
BWT written to synth_0.0001.bwt
Samples written to synth_0.0001.samples
LCP array built in 783.095 seconds (3.77002 MB/s)
LCP array written to synth_0.0001.lcp

Relative FM-index and LCP array builder
Using OpenMP with 8 threads

Algorithm: invariant
Input format: plain
SA sample rate: 257
ISA sample rate: 512

Reference: human

BWT:              1120.49 MB (3.03628 bpc)
SA samples:       694.655 MB (1.88235 bpc)
ISA samples:      184.518 MB (0.5 bpc)
Simple FM:        1999.67 MB (5.41863 bpc)

LCP array:        3862.42 MB (10.4663 bpc)


Target: synth_0.0001
Reference size: 3095693982
Target size: 3095694077
Built the merging bitvector in 3585.66 seconds
Matched 3091078254 positions in 8582.31 seconds
Found a common subsequence of length 3087152693 in 974.471 seconds
Built the bwt_lcs bitvectors and samples in 1894.12 seconds
Index built in 15056.1 seconds

BWT:              1120.5 MB (3.03628 bpc)
SA samples:       694.655 MB (1.88235 bpc)
ISA samples:      184.518 MB (0.5 bpc)
Simple FM:        1999.67 MB (5.41864 bpc)

ref_minus_lcs:    2.99465 MB (0.0081148 bpc)
seq_minus_lcs:    2.99774 MB (0.00812318 bpc)
bwt_lcs:          103.815 MB (0.281314 bpc)
text_lcs:         95.5414 MB (0.258895 bpc)
SA samples:       45.95 MB (0.124514 bpc)
ISA samples:      23.0647 MB (0.0625 bpc)
Relative FM:      274.364 MB (0.743462 bpc)

The RLZ parsing of the LCP array consists of 21466456 phrases
Relative LCP array built in 2829.17 seconds

LCP array:        3860.64 MB (10.4614 bpc)

Phrases:          81.888 MB (0.221897 bpc)
Blocks:           26.0157 MB (0.0704965 bpc)
Samples:          28.6602 MB (0.0776626 bpc)
Tree:             29.9523 MB (0.0811638 bpc)
Relative LCP:     166.516 MB (0.45122 bpc)


Memory usage: 101267 MB


End
Thu Apr 16 15:16:28 BST 2015


------------------------------------------------------------
Sender: LSF System <lsfadmin@vr-4-1-08>
Subject: Job 3888640: </nfs/users/nfs_j/js35/job_scripts/index_synth 0.0001 8> in cluster <vr> Done

Job </nfs/users/nfs_j/js35/job_scripts/index_synth 0.0001 8> was submitted from host <vr-2-2-02> by user <js35> in cluster <vr>.
Job was executed on host(s) <8*vr-4-1-08>, in queue <long>, as user <js35> in cluster <vr>.
</nfs/users/nfs_j/js35> was used as the home directory.
</nfs/users/nfs_j/js35> was used as the working directory.
Started at Thu Apr 16 09:41:59 2015
Results reported at Thu Apr 16 15:16:35 2015

Your job looked like:

------------------------------------------------------------
# LSBATCH: User input
/nfs/users/nfs_j/js35/job_scripts/index_synth 0.0001 8
------------------------------------------------------------

Successfully completed.

Resource usage summary:

    CPU time :               22166.93 sec.
    Max Memory :             101272 MB
    Average Memory :         26311.83 MB
    Total Requested Memory : 131072.00 MB
    Delta Memory :           29800.00 MB
    (Delta: the difference between total requested memory and actual max usage.)
    Max Swap :               105578 MB

    Max Processes :          4
    Max Threads :            12

The output (if any) is above this job summary.



PS:

Read file </nfs/users/nfs_j/js35/logs/index_synth_0.0001.err> for stderr output of this job.

