Start
Thu Apr 16 09:41:59 BST 2015

Indexing a synthetic human genome

Reference: human
Mutation rate: 0.0003
Target: synth_0.0003
Threads: 8

Sequence mutator

Source: human
Size: 3095693981
Target: synth_0.0003
Mutation rate: 0.0003

Target size: 3095693081
Substitutions: 773689
Insertions: 46357, total size 231577
Deletions: 46297, total size 232477

BWT construction
Options: alphabet isa_sample_rate=64 lcp sa_sample_rate=17

File: synth_0.0003
Text size: 3095693081
BWT built in 1063.9 seconds (2.77497 MB/s)
Alphabet written to synth_0.0003.alpha
BWT written to synth_0.0003.bwt
Samples written to synth_0.0003.samples
LCP array built in 731.449 seconds (4.03621 MB/s)
LCP array written to synth_0.0003.lcp

Relative FM-index and LCP array builder
Using OpenMP with 8 threads

Algorithm: invariant
Input format: plain
SA sample rate: 257
ISA sample rate: 512

Reference: human

BWT:              1120.49 MB (3.03628 bpc)
SA samples:       694.655 MB (1.88235 bpc)
ISA samples:      184.518 MB (0.5 bpc)
Simple FM:        1999.67 MB (5.41863 bpc)

LCP array:        3862.42 MB (10.4663 bpc)


Target: synth_0.0003
Reference size: 3095693982
Target size: 3095693082
Built the merging bitvector in 3530.1 seconds
Matched 3082697677 positions in 9111.88 seconds
Found a common subsequence of length 3072078874 in 903.427 seconds
Built the bwt_lcs bitvectors and samples in 1819.45 seconds
Index built in 15394.9 seconds

BWT:              1120.5 MB (3.0363 bpc)
SA samples:       694.655 MB (1.88235 bpc)
ISA samples:      184.518 MB (0.5 bpc)
Simple FM:        1999.68 MB (5.41866 bpc)

ref_minus_lcs:    8.14742 MB (0.0220776 bpc)
seq_minus_lcs:    8.15646 MB (0.0221021 bpc)
bwt_lcs:          124.698 MB (0.337902 bpc)
text_lcs:         103.87 MB (0.281463 bpc)
SA samples:       45.9499 MB (0.124514 bpc)
ISA samples:      23.0647 MB (0.0625 bpc)
Relative FM:      313.886 MB (0.850559 bpc)

The RLZ parsing of the LCP array consists of 54234873 phrases
Relative LCP array built in 5586.65 seconds

LCP array:        3857.32 MB (10.4524 bpc)

Phrases:          206.89 MB (0.560623 bpc)
Blocks:           56.6467 MB (0.153499 bpc)
Samples:          65.6321 MB (0.177848 bpc)
Tree:             74.3041 MB (0.201347 bpc)
Relative LCP:     403.473 MB (1.09332 bpc)


Memory usage: 101320 MB


End
Thu Apr 16 16:08:13 BST 2015


------------------------------------------------------------
Sender: LSF System <lsfadmin@vr-4-1-05>
Subject: Job 3888641: </nfs/users/nfs_j/js35/job_scripts/index_synth 0.0003 8> in cluster <vr> Done

Job </nfs/users/nfs_j/js35/job_scripts/index_synth 0.0003 8> was submitted from host <vr-2-2-02> by user <js35> in cluster <vr>.
Job was executed on host(s) <8*vr-4-1-05>, in queue <long>, as user <js35> in cluster <vr>.
</nfs/users/nfs_j/js35> was used as the home directory.
</nfs/users/nfs_j/js35> was used as the working directory.
Started at Thu Apr 16 09:41:59 2015
Results reported at Thu Apr 16 16:08:13 2015

Your job looked like:

------------------------------------------------------------
# LSBATCH: User input
/nfs/users/nfs_j/js35/job_scripts/index_synth 0.0003 8
------------------------------------------------------------

Successfully completed.

Resource usage summary:

    CPU time :               25063.25 sec.
    Max Memory :             101325 MB
    Average Memory :         26423.30 MB
    Total Requested Memory : 131072.00 MB
    Delta Memory :           29747.00 MB
    (Delta: the difference between total requested memory and actual max usage.)
    Max Swap :               105581 MB

    Max Processes :          4
    Max Threads :            12

The output (if any) is above this job summary.



PS:

Read file </nfs/users/nfs_j/js35/logs/index_synth_0.0003.err> for stderr output of this job.

