Start
Sat Apr 18 23:17:59 BST 2015

Indexing a synthetic human genome

Source: human
Target dir: multi_0.0100
Mutation rate: 0.0100
Threads: 4

Sequence mutator

Source: ref
Size: 20971520
Target: seq1
Mutation rate: 0.01
Seed: 5005089644506278062

Target size: 20970901
Substitutions: 182638
Insertions: 10348, total size 51696
Deletions: 10465, total size 52315

Sequence mutator

Source: ref
Size: 20971520
Target: seq2
Mutation rate: 0.01
Seed: 2772774237538688653

Target size: 20970368
Substitutions: 183300
Insertions: 10315, total size 51516
Deletions: 10486, total size 52668

Sequence mutator

Source: ref
Size: 20971520
Target: seq3
Mutation rate: 0.01
Seed: 540458830571099244

Target size: 20971124
Substitutions: 182682
Insertions: 10477, total size 52020
Deletions: 10460, total size 52416

Sequence mutator

Source: ref
Size: 20971520
Target: seq4
Mutation rate: 0.01
Seed: 16754887497313061451

Target size: 20971181
Substitutions: 182746
Insertions: 10662, total size 52310
Deletions: 10539, total size 52649

Sequence mutator

Source: ref
Size: 20971520
Target: seq5
Mutation rate: 0.01
Seed: 14522572090345472042

Target size: 20969724
Substitutions: 182371
Insertions: 10450, total size 52022
Deletions: 10436, total size 53818

Sequence mutator

Source: ref
Size: 20971520
Target: seq6
Mutation rate: 0.01
Seed: 12290256683377882633

Target size: 20971729
Substitutions: 182459
Insertions: 10502, total size 52555
Deletions: 10383, total size 52346

Sequence mutator

Source: ref
Size: 20971520
Target: seq7
Mutation rate: 0.01
Seed: 10057941276410293224

Target size: 20971271
Substitutions: 183681
Insertions: 10414, total size 52634
Deletions: 10509, total size 52883

Sequence mutator

Source: ref
Size: 20971520
Target: seq8
Mutation rate: 0.01
Seed: 7825625869442703815

Target size: 20971118
Substitutions: 182459
Insertions: 10437, total size 52872
Deletions: 10456, total size 53274

Sequence mutator

Source: ref
Size: 20971520
Target: seq9
Mutation rate: 0.01
Seed: 5593310462475114406

Target size: 20971102
Substitutions: 182940
Insertions: 10457, total size 52818
Deletions: 10611, total size 53236

Sequence mutator

Source: ref
Size: 20971520
Target: seq10
Mutation rate: 0.01
Seed: 3360995055507524997

Target size: 20970727
Substitutions: 182072
Insertions: 10236, total size 51609
Deletions: 10426, total size 52402

Sequence mutator

Source: ref
Size: 20971520
Target: seq11
Mutation rate: 0.01
Seed: 1128679648539935588

Target size: 20971657
Substitutions: 182443
Insertions: 10419, total size 51943
Deletions: 10382, total size 51806

Sequence mutator

Source: ref
Size: 20971520
Target: seq12
Mutation rate: 0.01
Seed: 17343108315281897795

Target size: 20971453
Substitutions: 182660
Insertions: 10414, total size 52177
Deletions: 10553, total size 52244

Sequence mutator

Source: ref
Size: 20971520
Target: seq13
Mutation rate: 0.01
Seed: 15110792908314308386

Target size: 20971301
Substitutions: 182972
Insertions: 10486, total size 52451
Deletions: 10511, total size 52670

Sequence mutator

Source: ref
Size: 20971520
Target: seq14
Mutation rate: 0.01
Seed: 12878477501346718977

Target size: 20970039
Substitutions: 182378
Insertions: 10535, total size 52161
Deletions: 10600, total size 53642

Sequence mutator

Source: ref
Size: 20971520
Target: seq15
Mutation rate: 0.01
Seed: 10646162094379129568

Target size: 20972667
Substitutions: 183058
Insertions: 10421, total size 52466
Deletions: 10463, total size 51319

Sequence mutator

Source: ref
Size: 20971520
Target: seq16
Mutation rate: 0.01
Seed: 6060963415536194783

Target size: 20971188
Substitutions: 183068
Insertions: 10530, total size 51727
Deletions: 10451, total size 52059

Sequence mutator

Source: ref
Size: 20971520
Target: seq17
Mutation rate: 0.01
Seed: 3828648008568605374

Target size: 20971017
Substitutions: 183530
Insertions: 10355, total size 51066
Deletions: 10454, total size 51569

Sequence mutator

Source: ref
Size: 20971520
Target: seq18
Mutation rate: 0.01
Seed: 1596332601601015965

Target size: 20971785
Substitutions: 183039
Insertions: 10407, total size 52383
Deletions: 10543, total size 52118

Sequence mutator

Source: ref
Size: 20971520
Target: seq19
Mutation rate: 0.01
Seed: 17810761268342978172

Target size: 20971476
Substitutions: 182594
Insertions: 10428, total size 52157
Deletions: 10389, total size 52201

Sequence mutator

Source: ref
Size: 20971520
Target: seq20
Mutation rate: 0.01
Seed: 15578445861375388763

Target size: 20970982
Substitutions: 182748
Insertions: 10468, total size 51858
Deletions: 10491, total size 52396

Sequence mutator

Source: ref
Size: 20971520
Target: seq21
Mutation rate: 0.01
Seed: 13346130454407799354

Target size: 20971605
Substitutions: 182303
Insertions: 10583, total size 52609
Deletions: 10540, total size 52524

Sequence mutator

Source: ref
Size: 20971520
Target: seq22
Mutation rate: 0.01
Seed: 11113815047440209945

Target size: 20971041
Substitutions: 183776
Insertions: 10423, total size 51580
Deletions: 10406, total size 52059

Sequence mutator

Source: ref
Size: 20971520
Target: seq23
Mutation rate: 0.01
Seed: 8881499640472620536

Target size: 20972931
Substitutions: 182906
Insertions: 10557, total size 53104
Deletions: 10484, total size 51693

Sequence mutator

Source: ref
Size: 20971520
Target: seq24
Mutation rate: 0.01
Seed: 6649184233505031127

Target size: 20971221
Substitutions: 183308
Insertions: 10321, total size 51530
Deletions: 10379, total size 51829

Sequence mutator

Source: ref
Size: 20971520
Target: seq25
Mutation rate: 0.01
Seed: 4416868826537441718

Target size: 20971248
Substitutions: 183399
Insertions: 10340, total size 51625
Deletions: 10443, total size 51897

BWT construction
Options: alphabet isa_sample_rate=64 lcp sa_sample_rate=17

File: ref
Text size: 20971520
BWT built in 4.20511 seconds (4.75612 MB/s)
Alphabet written to ref.alpha
BWT written to ref.bwt
Samples written to ref.samples
LCP array built in 5.97068 seconds (3.3497 MB/s)
LCP array written to ref.lcp

File: seq1
Text size: 20970901
BWT built in 4.18403 seconds (4.77994 MB/s)
Alphabet written to seq1.alpha
BWT written to seq1.bwt
Samples written to seq1.samples
LCP array built in 5.58232 seconds (3.58263 MB/s)
LCP array written to seq1.lcp

File: seq2
Text size: 20970368
BWT built in 3.93056 seconds (5.08805 MB/s)
Alphabet written to seq2.alpha
BWT written to seq2.bwt
Samples written to seq2.samples
LCP array built in 5.23284 seconds (3.82181 MB/s)
LCP array written to seq2.lcp

File: seq3
Text size: 20971124
BWT built in 3.84398 seconds (5.20285 MB/s)
Alphabet written to seq3.alpha
BWT written to seq3.bwt
Samples written to seq3.samples
LCP array built in 5.15722 seconds (3.87798 MB/s)
LCP array written to seq3.lcp

File: seq4
Text size: 20971181
BWT built in 3.88321 seconds (5.15029 MB/s)
Alphabet written to seq4.alpha
BWT written to seq4.bwt
Samples written to seq4.samples
LCP array built in 5.21689 seconds (3.83364 MB/s)
LCP array written to seq4.lcp

File: seq5
Text size: 20969724
BWT built in 3.85192 seconds (5.19177 MB/s)
Alphabet written to seq5.alpha
BWT written to seq5.bwt
Samples written to seq5.samples
LCP array built in 5.28817 seconds (3.78171 MB/s)
LCP array written to seq5.lcp

File: seq6
Text size: 20971729
BWT built in 4.13237 seconds (4.83988 MB/s)
Alphabet written to seq6.alpha
BWT written to seq6.bwt
Samples written to seq6.samples
LCP array built in 5.23527 seconds (3.82028 MB/s)
LCP array written to seq6.lcp

File: seq7
Text size: 20971271
BWT built in 4.06732 seconds (4.91718 MB/s)
Alphabet written to seq7.alpha
BWT written to seq7.bwt
Samples written to seq7.samples
LCP array built in 5.32208 seconds (3.75789 MB/s)
LCP array written to seq7.lcp

File: seq8
Text size: 20971118
BWT built in 3.91493 seconds (5.10856 MB/s)
Alphabet written to seq8.alpha
BWT written to seq8.bwt
Samples written to seq8.samples
LCP array built in 5.12759 seconds (3.9004 MB/s)
LCP array written to seq8.lcp

File: seq9
Text size: 20971102
BWT built in 3.94638 seconds (5.06784 MB/s)
Alphabet written to seq9.alpha
BWT written to seq9.bwt
Samples written to seq9.samples
LCP array built in 5.28226 seconds (3.78618 MB/s)
LCP array written to seq9.lcp

File: seq10
Text size: 20970727
BWT built in 4.02712 seconds (4.96614 MB/s)
Alphabet written to seq10.alpha
BWT written to seq10.bwt
Samples written to seq10.samples
LCP array built in 5.20593 seconds (3.84163 MB/s)
LCP array written to seq10.lcp

File: seq11
Text size: 20971657
BWT built in 3.9024 seconds (5.12508 MB/s)
Alphabet written to seq11.alpha
BWT written to seq11.bwt
Samples written to seq11.samples
LCP array built in 5.29851 seconds (3.77467 MB/s)
LCP array written to seq11.lcp

File: seq12
Text size: 20971453
BWT built in 3.99562 seconds (5.00547 MB/s)
Alphabet written to seq12.alpha
BWT written to seq12.bwt
Samples written to seq12.samples
LCP array built in 5.29006 seconds (3.78067 MB/s)
LCP array written to seq12.lcp

File: seq13
Text size: 20971301
BWT built in 4.52666 seconds (4.41822 MB/s)
Alphabet written to seq13.alpha
BWT written to seq13.bwt
Samples written to seq13.samples
LCP array built in 5.37878 seconds (3.71828 MB/s)
LCP array written to seq13.lcp

File: seq14
Text size: 20970039
BWT built in 3.9395 seconds (5.07643 MB/s)
Alphabet written to seq14.alpha
BWT written to seq14.bwt
Samples written to seq14.samples
LCP array built in 5.32344 seconds (3.7567 MB/s)
LCP array written to seq14.lcp

File: seq15
Text size: 20972667
BWT built in 3.95819 seconds (5.05309 MB/s)
Alphabet written to seq15.alpha
BWT written to seq15.bwt
Samples written to seq15.samples
LCP array built in 5.33863 seconds (3.74649 MB/s)
LCP array written to seq15.lcp

File: seq16
Text size: 20971188
BWT built in 3.93384 seconds (5.08402 MB/s)
Alphabet written to seq16.alpha
BWT written to seq16.bwt
Samples written to seq16.samples
LCP array built in 5.46321 seconds (3.6608 MB/s)
LCP array written to seq16.lcp

File: seq17
Text size: 20971017
BWT built in 4.26415 seconds (4.69016 MB/s)
Alphabet written to seq17.alpha
BWT written to seq17.bwt
Samples written to seq17.samples
LCP array built in 5.22326 seconds (3.82893 MB/s)
LCP array written to seq17.lcp

File: seq18
Text size: 20971785
BWT built in 3.87199 seconds (5.16537 MB/s)
Alphabet written to seq18.alpha
BWT written to seq18.bwt
Samples written to seq18.samples
LCP array built in 5.19924 seconds (3.84677 MB/s)
LCP array written to seq18.lcp

File: seq19
Text size: 20971476
BWT built in 3.88499 seconds (5.14801 MB/s)
Alphabet written to seq19.alpha
BWT written to seq19.bwt
Samples written to seq19.samples
LCP array built in 5.22958 seconds (3.82439 MB/s)
LCP array written to seq19.lcp

File: seq20
Text size: 20970982
BWT built in 3.84485 seconds (5.20162 MB/s)
Alphabet written to seq20.alpha
BWT written to seq20.bwt
Samples written to seq20.samples
LCP array built in 5.18281 seconds (3.85882 MB/s)
LCP array written to seq20.lcp

File: seq21
Text size: 20971605
BWT built in 4.09369 seconds (4.88559 MB/s)
Alphabet written to seq21.alpha
BWT written to seq21.bwt
Samples written to seq21.samples
LCP array built in 5.52609 seconds (3.61921 MB/s)
LCP array written to seq21.lcp

File: seq22
Text size: 20971041
BWT built in 3.88688 seconds (5.1454 MB/s)
Alphabet written to seq22.alpha
BWT written to seq22.bwt
Samples written to seq22.samples
LCP array built in 5.19208 seconds (3.85194 MB/s)
LCP array written to seq22.lcp

File: seq23
Text size: 20972931
BWT built in 3.8356 seconds (5.21466 MB/s)
Alphabet written to seq23.alpha
BWT written to seq23.bwt
Samples written to seq23.samples
LCP array built in 5.20417 seconds (3.84333 MB/s)
LCP array written to seq23.lcp

File: seq24
Text size: 20971221
BWT built in 3.87708 seconds (5.15844 MB/s)
Alphabet written to seq24.alpha
BWT written to seq24.bwt
Samples written to seq24.samples
LCP array built in 5.26484 seconds (3.79873 MB/s)
LCP array written to seq24.lcp

File: seq25
Text size: 20971248
BWT built in 3.85134 seconds (5.19294 MB/s)
Alphabet written to seq25.alpha
BWT written to seq25.bwt
Samples written to seq25.samples
LCP array built in 5.19823 seconds (3.84741 MB/s)
LCP array written to seq25.lcp

Indexing the differential LCP array

File: ref
LCP size: 20971521
DLCP width: 20
SA width: 25
Index built in 33.6981 seconds (0.593505 MB/s)

Relative FM-index and LCP array builder
Using OpenMP with 4 threads

Algorithm: invariant
Input format: plain
SA sample rate: 257
ISA sample rate: 512

Reference: ref

BWT:              7.51739 MB (3.00695 bpc)
SA samples:       3.67648 MB (1.47059 bpc)
ISA samples:      0.976579 MB (0.390631 bpc)
Simple FM:        12.1708 MB (4.86832 bpc)

LCP array:        22.5668 MB (9.02673 bpc)


Target: seq1
Reference size: 20971521
Target size: 20970902
Built the merging bitvector in 14.5452 seconds
Matched 18810996 positions in 33.3646 seconds
Found a common subsequence of length 17519843 in 4.55961 seconds
Built the bwt_lcs bitvectors and samples in 6.90667 seconds
Index built in 60.6558 seconds

BWT:              7.51729 MB (3.00701 bpc)
SA samples:       3.67638 MB (1.47059 bpc)
ISA samples:      0.976548 MB (0.390631 bpc)
Simple FM:        12.1706 MB (4.86837 bpc)

ref_minus_lcs:    1.22217 MB (0.488882 bpc)
seq_minus_lcs:    1.2224 MB (0.488974 bpc)
bwt_lcs:          3.50851 MB (1.40345 bpc)
text_lcs:         2.47333 MB (0.989359 bpc)
SA samples:       0.243196 MB (0.0972811 bpc)
ISA samples:      0.122079 MB (0.048833 bpc)
Relative FM:      8.79204 MB (3.51692 bpc)

The RLZ parsing of the LCP array consists of 2375062 phrases
Relative LCP array built in 46.5365 seconds

LCP array:        22.0869 MB (8.83501 bpc)

Phrases:          7.07825 MB (2.83138 bpc)
Blocks:           1.82571 MB (0.730304 bpc)
Samples:          2.3167 MB (0.926707 bpc)
Tree:             3.08116 MB (1.2325 bpc)
Relative LCP:     14.3018 MB (5.72089 bpc)


Target: seq2
Reference size: 20971521
Target size: 20970369
Built the merging bitvector in 13.3013 seconds
Matched 18803364 positions in 30.8612 seconds
Found a common subsequence of length 17401094 in 4.17218 seconds
Built the bwt_lcs bitvectors and samples in 6.0343 seconds
Index built in 55.6715 seconds

BWT:              7.51733 MB (3.0071 bpc)
SA samples:       3.67629 MB (1.4706 bpc)
ISA samples:      0.976525 MB (0.390632 bpc)
Simple FM:        12.1705 MB (4.86846 bpc)

ref_minus_lcs:    1.30148 MB (0.520621 bpc)
seq_minus_lcs:    1.3014 MB (0.520587 bpc)
bwt_lcs:          3.58898 MB (1.43567 bpc)
text_lcs:         2.48016 MB (0.992119 bpc)
SA samples:       0.243188 MB (0.0972805 bpc)
ISA samples:      0.122079 MB (0.0488342 bpc)
Relative FM:      9.03764 MB (3.61526 bpc)

The RLZ parsing of the LCP array consists of 2376960 phrases
Relative LCP array built in 59.704 seconds

LCP array:        22.087 MB (8.83529 bpc)

Phrases:          7.0839 MB (2.83372 bpc)
Blocks:           1.82654 MB (0.730656 bpc)
Samples:          2.31921 MB (0.927734 bpc)
Tree:             3.08348 MB (1.23346 bpc)
Relative LCP:     14.3131 MB (5.72557 bpc)


Target: seq3
Reference size: 20971521
Target size: 20971125
Built the merging bitvector in 13.4079 seconds
Matched 18804886 positions in 33.0049 seconds
Found a common subsequence of length 17493775 in 4.53986 seconds
Built the bwt_lcs bitvectors and samples in 6.55735 seconds
Index built in 58.6757 seconds

BWT:              7.51752 MB (3.00707 bpc)
SA samples:       3.67642 MB (1.47059 bpc)
ISA samples:      0.976556 MB (0.39063 bpc)
Simple FM:        12.1708 MB (4.86843 bpc)

ref_minus_lcs:    1.24507 MB (0.498036 bpc)
seq_minus_lcs:    1.24535 MB (0.498149 bpc)
bwt_lcs:          3.52039 MB (1.40818 bpc)
text_lcs:         2.47567 MB (0.990286 bpc)
SA samples:       0.243196 MB (0.09728 bpc)
ISA samples:      0.122079 MB (0.0488325 bpc)
Relative FM:      8.85211 MB (3.54091 bpc)

The RLZ parsing of the LCP array consists of 2376878 phrases
Relative LCP array built in 59.0098 seconds

LCP array:        22.0881 MB (8.83541 bpc)

Phrases:          7.08366 MB (2.83352 bpc)
Blocks:           1.82667 MB (0.730681 bpc)
Samples:          2.31923 MB (0.92771 bpc)
Tree:             3.0835 MB (1.23342 bpc)
Relative LCP:     14.3131 MB (5.72533 bpc)


Target: seq4
Reference size: 20971521
Target size: 20971182
Built the merging bitvector in 12.7053 seconds
Matched 18807388 positions in 32.6162 seconds
Found a common subsequence of length 17449310 in 4.13333 seconds
Built the bwt_lcs bitvectors and samples in 6.75857 seconds
Index built in 57.3508 seconds

BWT:              7.51751 MB (3.00705 bpc)
SA samples:       3.67642 MB (1.47059 bpc)
ISA samples:      0.976563 MB (0.390632 bpc)
Simple FM:        12.1708 MB (4.86842 bpc)

ref_minus_lcs:    1.27118 MB (0.508479 bpc)
seq_minus_lcs:    1.27139 MB (0.508564 bpc)
bwt_lcs:          3.5682 MB (1.4273 bpc)
text_lcs:         2.47749 MB (0.991013 bpc)
SA samples:       0.243196 MB (0.0972798 bpc)
ISA samples:      0.122079 MB (0.0488323 bpc)
Relative FM:      8.95389 MB (3.58162 bpc)

The RLZ parsing of the LCP array consists of 2428356 phrases
Relative LCP array built in 56.7047 seconds

LCP array:        22.0881 MB (8.83538 bpc)

Phrases:          7.23708 MB (2.89488 bpc)
Blocks:           1.85272 MB (0.7411 bpc)
Samples:          2.49764 MB (0.999074 bpc)
Tree:             3.33338 MB (1.33337 bpc)
Relative LCP:     14.9208 MB (5.96843 bpc)


Target: seq5
Reference size: 20971521
Target size: 20969725
Built the merging bitvector in 12.864 seconds
Matched 18755722 positions in 31.1482 seconds
Found a common subsequence of length 17347900 in 4.12252 seconds
Built the bwt_lcs bitvectors and samples in 7.48349 seconds
Index built in 56.7905 seconds

BWT:              7.51719 MB (3.00714 bpc)
SA samples:       3.67617 MB (1.47059 bpc)
ISA samples:      0.976495 MB (0.390631 bpc)
Simple FM:        12.1702 MB (4.8685 bpc)

ref_minus_lcs:    1.33712 MB (0.534892 bpc)
seq_minus_lcs:    1.33671 MB (0.53473 bpc)
bwt_lcs:          3.61372 MB (1.44561 bpc)
text_lcs:         2.47149 MB (0.988682 bpc)
SA samples:       0.243188 MB (0.0972835 bpc)
ISA samples:      0.122071 MB (0.0488327 bpc)
Relative FM:      9.12466 MB (3.65018 bpc)

The RLZ parsing of the LCP array consists of 2389333 phrases
Relative LCP array built in 58.9629 seconds

LCP array:        22.0865 MB (8.83535 bpc)

Phrases:          7.12078 MB (2.84856 bpc)
Blocks:           1.8329 MB (0.733222 bpc)
Samples:          2.37019 MB (0.948156 bpc)
Tree:             3.16397 MB (1.2657 bpc)
Relative LCP:     14.4878 MB (5.79563 bpc)


Target: seq6
Reference size: 20971521
Target size: 20971730
Built the merging bitvector in 13.0455 seconds
Matched 18814509 positions in 32.1833 seconds
Found a common subsequence of length 17512868 in 4.10023 seconds
Built the bwt_lcs bitvectors and samples in 7.56765 seconds
Index built in 58.0517 seconds

BWT:              7.51773 MB (3.00706 bpc)
SA samples:       3.67652 MB (1.47059 bpc)
ISA samples:      0.976586 MB (0.390631 bpc)
Simple FM:        12.1712 MB (4.86843 bpc)

ref_minus_lcs:    1.23584 MB (0.49433 bpc)
seq_minus_lcs:    1.22504 MB (0.490012 bpc)
bwt_lcs:          3.51201 MB (1.40479 bpc)
text_lcs:         2.47052 MB (0.988197 bpc)
SA samples:       0.243211 MB (0.0972833 bpc)
ISA samples:      0.122087 MB (0.0488341 bpc)
Relative FM:      8.80906 MB (3.52359 bpc)

The RLZ parsing of the LCP array consists of 2376617 phrases
Relative LCP array built in 58.9756 seconds

LCP array:        22.0892 MB (8.83558 bpc)

Phrases:          7.08289 MB (2.83313 bpc)
Blocks:           1.8265 MB (0.730593 bpc)
Samples:          2.31862 MB (0.927439 bpc)
Tree:             3.08328 MB (1.2333 bpc)
Relative LCP:     14.3113 MB (5.72446 bpc)


Target: seq7
Reference size: 20971521
Target size: 20971272
Built the merging bitvector in 13.0818 seconds
Matched 18747026 positions in 34.3363 seconds
Found a common subsequence of length 17346781 in 4.91058 seconds
Built the bwt_lcs bitvectors and samples in 7.63603 seconds
Index built in 61.1479 seconds

BWT:              7.51746 MB (3.00702 bpc)
SA samples:       3.67644 MB (1.47059 bpc)
ISA samples:      0.976563 MB (0.39063 bpc)
Simple FM:        12.1708 MB (4.86838 bpc)

ref_minus_lcs:    1.33487 MB (0.533954 bpc)
seq_minus_lcs:    1.33512 MB (0.534055 bpc)
bwt_lcs:          3.61599 MB (1.44641 bpc)
text_lcs:         2.47813 MB (0.991265 bpc)
SA samples:       0.243203 MB (0.0972824 bpc)
ISA samples:      0.122079 MB (0.0488321 bpc)
Relative FM:      9.12975 MB (3.65194 bpc)

The RLZ parsing of the LCP array consists of 2378009 phrases
Relative LCP array built in 53.9037 seconds

LCP array:        22.0881 MB (8.83533 bpc)

Phrases:          7.08703 MB (2.83485 bpc)
Blocks:           1.82722 MB (0.730896 bpc)
Samples:          2.32012 MB (0.928057 bpc)
Tree:             3.08492 MB (1.23398 bpc)
Relative LCP:     14.3193 MB (5.72778 bpc)


Target: seq8
Reference size: 20971521
Target size: 20971119
Built the merging bitvector in 12.8688 seconds
Matched 18763909 positions in 35.1382 seconds
Found a common subsequence of length 17416838 in 4.16568 seconds
Built the bwt_lcs bitvectors and samples in 7.63578 seconds
Index built in 60.9744 seconds

BWT:              7.51726 MB (3.00696 bpc)
SA samples:       3.67642 MB (1.47059 bpc)
ISA samples:      0.976556 MB (0.39063 bpc)
Simple FM:        12.1706 MB (4.86833 bpc)

ref_minus_lcs:    1.29609 MB (0.518447 bpc)
seq_minus_lcs:    1.29624 MB (0.518505 bpc)
bwt_lcs:          3.57985 MB (1.43197 bpc)
text_lcs:         2.47235 MB (0.988959 bpc)
SA samples:       0.243196 MB (0.0972801 bpc)
ISA samples:      0.122079 MB (0.0488325 bpc)
Relative FM:      9.01017 MB (3.60414 bpc)

The RLZ parsing of the LCP array consists of 2374882 phrases
Relative LCP array built in 53.0034 seconds

LCP array:        22.088 MB (8.83535 bpc)

Phrases:          7.07771 MB (2.83114 bpc)
Blocks:           1.82559 MB (0.730251 bpc)
Samples:          2.31688 MB (0.92677 bpc)
Tree:             3.08099 MB (1.23242 bpc)
Relative LCP:     14.3012 MB (5.72058 bpc)


Target: seq9
Reference size: 20971521
Target size: 20971103
Built the merging bitvector in 13.0269 seconds
Matched 18754737 positions in 32.5829 seconds
Found a common subsequence of length 17459157 in 4.49018 seconds
Built the bwt_lcs bitvectors and samples in 6.46195 seconds
Index built in 57.7227 seconds

BWT:              7.51732 MB (3.00699 bpc)
SA samples:       3.67642 MB (1.4706 bpc)
ISA samples:      0.976556 MB (0.39063 bpc)
Simple FM:        12.1706 MB (4.86836 bpc)

ref_minus_lcs:    1.2681 MB (0.507249 bpc)
seq_minus_lcs:    1.26827 MB (0.507319 bpc)
bwt_lcs:          3.56174 MB (1.42472 bpc)
text_lcs:         2.47319 MB (0.989295 bpc)
SA samples:       0.243196 MB (0.0972801 bpc)
ISA samples:      0.122079 MB (0.0488325 bpc)
Relative FM:      8.93693 MB (3.57484 bpc)

The RLZ parsing of the LCP array consists of 2373926 phrases
Relative LCP array built in 59.0776 seconds

LCP array:        22.0876 MB (8.83523 bpc)

Phrases:          7.07486 MB (2.83 bpc)
Blocks:           1.8251 MB (0.730053 bpc)
Samples:          2.31569 MB (0.926295 bpc)
Tree:             3.07978 MB (1.23194 bpc)
Relative LCP:     14.2954 MB (5.71829 bpc)


Target: seq10
Reference size: 20971521
Target size: 20970728
Built the merging bitvector in 13.6017 seconds
Matched 18819049 positions in 31.9893 seconds
Found a common subsequence of length 17524920 in 4.46386 seconds
Built the bwt_lcs bitvectors and samples in 7.64224 seconds
Index built in 58.8561 seconds

BWT:              7.51745 MB (3.0071 bpc)
SA samples:       3.67635 MB (1.47059 bpc)
ISA samples:      0.976541 MB (0.390631 bpc)
Simple FM:        12.1707 MB (4.86846 bpc)

ref_minus_lcs:    1.22056 MB (0.488241 bpc)
seq_minus_lcs:    1.22046 MB (0.488201 bpc)
bwt_lcs:          3.50559 MB (1.40229 bpc)
text_lcs:         2.46736 MB (0.986981 bpc)
SA samples:       0.243196 MB (0.0972819 bpc)
ISA samples:      0.122079 MB (0.0488334 bpc)
Relative FM:      8.7796 MB (3.51197 bpc)

The RLZ parsing of the LCP array consists of 2375340 phrases
Relative LCP array built in 49.4892 seconds

LCP array:        22.0873 MB (8.83527 bpc)

Phrases:          7.07908 MB (2.83174 bpc)
Blocks:           1.82582 MB (0.730356 bpc)
Samples:          2.3175 MB (0.927035 bpc)
Tree:             3.08144 MB (1.23262 bpc)
Relative LCP:     14.3038 MB (5.72175 bpc)


Target: seq11
Reference size: 20971521
Target size: 20971658
Built the merging bitvector in 12.9612 seconds
Matched 18814505 positions in 33.4098 seconds
Found a common subsequence of length 17459969 in 4.5306 seconds
Built the bwt_lcs bitvectors and samples in 7.15548 seconds
Index built in 59.2229 seconds

BWT:              7.51781 MB (3.00711 bpc)
SA samples:       3.67651 MB (1.47059 bpc)
ISA samples:      0.976586 MB (0.390632 bpc)
Simple FM:        12.1713 MB (4.86847 bpc)

ref_minus_lcs:    1.26755 MB (0.507015 bpc)
seq_minus_lcs:    1.26775 MB (0.507095 bpc)
bwt_lcs:          3.56086 MB (1.42433 bpc)
text_lcs:         2.46856 MB (0.987419 bpc)
SA samples:       0.243203 MB (0.0972806 bpc)
ISA samples:      0.122087 MB (0.0488343 bpc)
Relative FM:      8.93036 MB (3.57212 bpc)

The RLZ parsing of the LCP array consists of 2425206 phrases
Relative LCP array built in 55.2476 seconds

LCP array:        22.0877 MB (8.83504 bpc)

Phrases:          7.22769 MB (2.89106 bpc)
Blocks:           1.85116 MB (0.740457 bpc)
Samples:          2.49396 MB (0.997577 bpc)
Tree:             3.32942 MB (1.33176 bpc)
Relative LCP:     14.9022 MB (5.96085 bpc)


Target: seq12
Reference size: 20971521
Target size: 20971454
Built the merging bitvector in 12.8798 seconds
Matched 18808671 positions in 33.663 seconds
Found a common subsequence of length 17510251 in 4.34387 seconds
Built the bwt_lcs bitvectors and samples in 8.77932 seconds
Index built in 60.941 seconds

BWT:              7.51761 MB (3.00705 bpc)
SA samples:       3.67647 MB (1.47059 bpc)
ISA samples:      0.976571 MB (0.39063 bpc)
Simple FM:        12.171 MB (4.86841 bpc)

ref_minus_lcs:    1.2255 MB (0.490201 bpc)
seq_minus_lcs:    1.2259 MB (0.49036 bpc)
bwt_lcs:          3.51414 MB (1.40566 bpc)
text_lcs:         2.47144 MB (0.98858 bpc)
SA samples:       0.243203 MB (0.0972816 bpc)
ISA samples:      0.122079 MB (0.0488317 bpc)
Relative FM:      8.80261 MB (3.52106 bpc)

The RLZ parsing of the LCP array consists of 2425133 phrases
Relative LCP array built in 51.6936 seconds

LCP array:        22.0874 MB (8.83498 bpc)

Phrases:          7.22747 MB (2.891 bpc)
Blocks:           1.85116 MB (0.740467 bpc)
Samples:          2.49406 MB (0.997627 bpc)
Tree:             3.32918 MB (1.33168 bpc)
Relative LCP:     14.9019 MB (5.96077 bpc)


Target: seq13
Reference size: 20971521
Target size: 20971302
Built the merging bitvector in 10.8329 seconds
Matched 18757416 positions in 27.1641 seconds
Found a common subsequence of length 17410744 in 4.31306 seconds
Built the bwt_lcs bitvectors and samples in 6.98425 seconds
Index built in 50.4507 seconds

BWT:              7.5176 MB (3.00707 bpc)
SA samples:       3.67645 MB (1.47059 bpc)
ISA samples:      0.976563 MB (0.390629 bpc)
Simple FM:        12.171 MB (4.86843 bpc)

ref_minus_lcs:    1.29803 MB (0.519216 bpc)
seq_minus_lcs:    1.29829 MB (0.519323 bpc)
bwt_lcs:          3.58373 MB (1.43351 bpc)
text_lcs:         2.47776 MB (0.991114 bpc)
SA samples:       0.243203 MB (0.0972823 bpc)
ISA samples:      0.122079 MB (0.0488321 bpc)
Relative FM:      9.02345 MB (3.60942 bpc)

The RLZ parsing of the LCP array consists of 2383299 phrases
Relative LCP array built in 58.7414 seconds

LCP array:        22.0892 MB (8.83577 bpc)

Phrases:          7.1028 MB (2.84115 bpc)
Blocks:           1.82982 MB (0.731936 bpc)
Samples:          2.34232 MB (0.936937 bpc)
Tree:             3.12066 MB (1.24828 bpc)
Relative LCP:     14.3956 MB (5.7583 bpc)


Target: seq14
Reference size: 20971521
Target size: 20970040
Built the merging bitvector in 12.8483 seconds
Matched 18805986 positions in 30.9964 seconds
Found a common subsequence of length 17446000 in 4.48903 seconds
Built the bwt_lcs bitvectors and samples in 5.63268 seconds
Index built in 55.2722 seconds

BWT:              7.51713 MB (3.00707 bpc)
SA samples:       3.67622 MB (1.47059 bpc)
ISA samples:      0.97651 MB (0.390632 bpc)
Simple FM:        12.1702 MB (4.86843 bpc)

ref_minus_lcs:    1.27236 MB (0.50898 bpc)
seq_minus_lcs:    1.27212 MB (0.508885 bpc)
bwt_lcs:          3.56814 MB (1.42736 bpc)
text_lcs:         2.47125 MB (0.98857 bpc)
SA samples:       0.243188 MB (0.097282 bpc)
ISA samples:      0.122079 MB (0.048835 bpc)
Relative FM:      8.9495 MB (3.58005 bpc)

The RLZ parsing of the LCP array consists of 2375585 phrases
Relative LCP array built in 57.799 seconds

LCP array:        22.0854 MB (8.83479 bpc)

Phrases:          7.0798 MB (2.83212 bpc)
Blocks:           1.82588 MB (0.730404 bpc)
Samples:          2.3171 MB (0.926906 bpc)
Tree:             3.08173 MB (1.23278 bpc)
Relative LCP:     14.3045 MB (5.72221 bpc)


Target: seq15
Reference size: 20971521
Target size: 20972668
Built the merging bitvector in 12.7067 seconds
Matched 18809595 positions in 31.3445 seconds
Found a common subsequence of length 17508749 in 4.42467 seconds
Built the bwt_lcs bitvectors and samples in 5.99701 seconds
Index built in 55.636 seconds

BWT:              7.51805 MB (3.00706 bpc)
SA samples:       3.67668 MB (1.47059 bpc)
ISA samples:      0.976632 MB (0.390631 bpc)
Simple FM:        12.1717 MB (4.86842 bpc)

ref_minus_lcs:    1.23712 MB (0.494821 bpc)
seq_minus_lcs:    1.22656 MB (0.490598 bpc)
bwt_lcs:          3.51418 MB (1.4056 bpc)
text_lcs:         2.47593 MB (0.990317 bpc)
SA samples:       0.243218 MB (0.097282 bpc)
ISA samples:      0.122094 MB (0.048835 bpc)
Relative FM:      8.81946 MB (3.52759 bpc)

The RLZ parsing of the LCP array consists of 2378576 phrases
Relative LCP array built in 56.5822 seconds

LCP array:        22.0889 MB (8.83506 bpc)

Phrases:          7.08872 MB (2.83533 bpc)
Blocks:           1.82742 MB (0.730927 bpc)
Samples:          2.32044 MB (0.928127 bpc)
Tree:             3.08567 MB (1.2342 bpc)
Relative LCP:     14.3223 MB (5.72859 bpc)


Target: seq16
Reference size: 20971521
Target size: 20971189
Built the merging bitvector in 12.5097 seconds
Matched 18747118 positions in 31.092 seconds
Found a common subsequence of length 17448402 in 4.24225 seconds
Built the bwt_lcs bitvectors and samples in 7.78678 seconds
Index built in 56.8065 seconds

BWT:              7.5174 MB (3.00701 bpc)
SA samples:       3.67642 MB (1.47059 bpc)
ISA samples:      0.976563 MB (0.390632 bpc)
Simple FM:        12.1707 MB (4.86837 bpc)

ref_minus_lcs:    1.27444 MB (0.509784 bpc)
seq_minus_lcs:    1.27452 MB (0.509814 bpc)
bwt_lcs:          3.54341 MB (1.41739 bpc)
text_lcs:         2.47679 MB (0.990731 bpc)
SA samples:       0.243196 MB (0.0972797 bpc)
ISA samples:      0.122079 MB (0.0488323 bpc)
Relative FM:      8.93479 MB (3.57397 bpc)

The RLZ parsing of the LCP array consists of 2439314 phrases
Relative LCP array built in 58.1771 seconds

LCP array:        22.0857 MB (8.83442 bpc)

Phrases:          7.26974 MB (2.90794 bpc)
Blocks:           1.85815 MB (0.74327 bpc)
Samples:          2.5353 MB (1.01414 bpc)
Tree:             3.38557 MB (1.35425 bpc)
Relative LCP:     15.0488 MB (6.0196 bpc)


Target: seq17
Reference size: 20971521
Target size: 20971018
Built the merging bitvector in 12.2478 seconds
Matched 18750589 positions in 31.1123 seconds
Found a common subsequence of length 17399494 in 4.81482 seconds
Built the bwt_lcs bitvectors and samples in 6.11325 seconds
Index built in 55.5873 seconds

BWT:              7.51755 MB (3.00709 bpc)
SA samples:       3.6764 MB (1.4706 bpc)
ISA samples:      0.976556 MB (0.390632 bpc)
Simple FM:        12.1709 MB (4.86846 bpc)

ref_minus_lcs:    1.3021 MB (0.520852 bpc)
seq_minus_lcs:    1.30214 MB (0.520867 bpc)
bwt_lcs:          3.58971 MB (1.43592 bpc)
text_lcs:         2.47921 MB (0.991707 bpc)
SA samples:       0.243196 MB (0.0972805 bpc)
ISA samples:      0.122079 MB (0.0488327 bpc)
Relative FM:      9.03879 MB (3.6156 bpc)

The RLZ parsing of the LCP array consists of 2377255 phrases
Relative LCP array built in 54.2683 seconds

LCP array:        22.0879 MB (8.83536 bpc)

Phrases:          7.08479 MB (2.83398 bpc)
Blocks:           1.8268 MB (0.730737 bpc)
Samples:          2.31903 MB (0.927632 bpc)
Tree:             3.084 MB (1.23363 bpc)
Relative LCP:     14.3146 MB (5.72598 bpc)


Target: seq18
Reference size: 20971521
Target size: 20971786
Built the merging bitvector in 11.2319 seconds
Matched 18801614 positions in 30.4794 seconds
Found a common subsequence of length 17397598 in 3.94362 seconds
Built the bwt_lcs bitvectors and samples in 6.96208 seconds
Index built in 53.9291 seconds

BWT:              7.51803 MB (3.00717 bpc)
SA samples:       3.67653 MB (1.47059 bpc)
ISA samples:      0.976586 MB (0.39063 bpc)
Simple FM:        12.1715 MB (4.86854 bpc)

ref_minus_lcs:    1.30258 MB (0.521025 bpc)
seq_minus_lcs:    1.30312 MB (0.521242 bpc)
bwt_lcs:          3.59201 MB (1.43679 bpc)
text_lcs:         2.4775 MB (0.990987 bpc)
SA samples:       0.243211 MB (0.0972831 bpc)
ISA samples:      0.122087 MB (0.048834 bpc)
Relative FM:      9.04087 MB (3.6163 bpc)

The RLZ parsing of the LCP array consists of 2378680 phrases
Relative LCP array built in 48.2319 seconds

LCP array:        22.0877 MB (8.83496 bpc)

Phrases:          7.08903 MB (2.83558 bpc)
Blocks:           1.82743 MB (0.730963 bpc)
Samples:          2.32042 MB (0.928157 bpc)
Tree:             3.08585 MB (1.23432 bpc)
Relative LCP:     14.3227 MB (5.72902 bpc)


Target: seq19
Reference size: 20971521
Target size: 20971477
Built the merging bitvector in 14.0446 seconds
Matched 18760602 positions in 34.27 seconds
Found a common subsequence of length 17467871 in 4.36649 seconds
Built the bwt_lcs bitvectors and samples in 6.01971 seconds
Index built in 59.8417 seconds

BWT:              7.51768 MB (3.00708 bpc)
SA samples:       3.67648 MB (1.47059 bpc)
ISA samples:      0.976571 MB (0.390629 bpc)
Simple FM:        12.1711 MB (4.86844 bpc)

ref_minus_lcs:    1.26459 MB (0.505837 bpc)
seq_minus_lcs:    1.26515 MB (0.50606 bpc)
bwt_lcs:          3.5581 MB (1.42324 bpc)
text_lcs:         2.47244 MB (0.988978 bpc)
SA samples:       0.243203 MB (0.0972815 bpc)
ISA samples:      0.122079 MB (0.0488317 bpc)
Relative FM:      8.92591 MB (3.57037 bpc)

The RLZ parsing of the LCP array consists of 2377227 phrases
Relative LCP array built in 52.4021 seconds

LCP array:        22.0873 MB (8.83493 bpc)

Phrases:          7.0847 MB (2.83389 bpc)
Blocks:           1.82681 MB (0.730727 bpc)
Samples:          2.31852 MB (0.927411 bpc)
Tree:             3.08387 MB (1.23355 bpc)
Relative LCP:     14.3139 MB (5.72558 bpc)


Target: seq20
Reference size: 20971521
Target size: 20970983
Built the merging bitvector in 12.7921 seconds
Matched 18809704 positions in 32.1783 seconds
Found a common subsequence of length 17457208 in 4.17809 seconds
Built the bwt_lcs bitvectors and samples in 7.44152 seconds
Index built in 57.7468 seconds

BWT:              7.51763 MB (3.00713 bpc)
SA samples:       3.67639 MB (1.47059 bpc)
ISA samples:      0.976548 MB (0.390629 bpc)
Simple FM:        12.1709 MB (4.86849 bpc)

ref_minus_lcs:    1.26855 MB (0.507432 bpc)
seq_minus_lcs:    1.26851 MB (0.507417 bpc)
bwt_lcs:          3.56256 MB (1.42506 bpc)
text_lcs:         2.47466 MB (0.98989 bpc)
SA samples:       0.243196 MB (0.0972807 bpc)
ISA samples:      0.122079 MB (0.0488328 bpc)
Relative FM:      8.93991 MB (3.57606 bpc)

The RLZ parsing of the LCP array consists of 2375594 phrases
Relative LCP array built in 58.9908 seconds

LCP array:        22.0876 MB (8.83526 bpc)

Phrases:          7.07983 MB (2.83201 bpc)
Blocks:           1.82594 MB (0.730396 bpc)
Samples:          2.31748 MB (0.927017 bpc)
Tree:             3.08183 MB (1.23276 bpc)
Relative LCP:     14.3051 MB (5.72218 bpc)


Target: seq21
Reference size: 20971521
Target size: 20971606
Built the merging bitvector in 12.7718 seconds
Matched 18814494 positions in 30.7861 seconds
Found a common subsequence of length 17508228 in 4.19163 seconds
Built the bwt_lcs bitvectors and samples in 7.72516 seconds
Index built in 56.7621 seconds

BWT:              7.51786 MB (3.00713 bpc)
SA samples:       3.6765 MB (1.47059 bpc)
ISA samples:      0.976579 MB (0.39063 bpc)
Simple FM:        12.1713 MB (4.8685 bpc)

ref_minus_lcs:    1.22631 MB (0.490522 bpc)
seq_minus_lcs:    1.22691 MB (0.49076 bpc)
bwt_lcs:          3.51481 MB (1.40592 bpc)
text_lcs:         2.47142 MB (0.988563 bpc)
SA samples:       0.243203 MB (0.0972809 bpc)
ISA samples:      0.122087 MB (0.0488344 bpc)
Relative FM:      8.8051 MB (3.52202 bpc)

The RLZ parsing of the LCP array consists of 2377697 phrases
Relative LCP array built in 60.9583 seconds

LCP array:        22.0894 MB (8.83574 bpc)

Phrases:          7.0861 MB (2.83443 bpc)
Blocks:           1.82702 MB (0.730805 bpc)
Samples:          2.31969 MB (0.927872 bpc)
Tree:             3.08441 MB (1.23376 bpc)
Relative LCP:     14.3172 MB (5.72686 bpc)


Target: seq22
Reference size: 20971521
Target size: 20971042
Built the merging bitvector in 12.7436 seconds
Matched 18802089 positions in 30.9913 seconds
Found a common subsequence of length 17487732 in 4.16319 seconds
Built the bwt_lcs bitvectors and samples in 7.32922 seconds
Index built in 56.3686 seconds

BWT:              7.51752 MB (3.00708 bpc)
SA samples:       3.6764 MB (1.47059 bpc)
ISA samples:      0.976556 MB (0.390631 bpc)
Simple FM:        12.1708 MB (4.86844 bpc)

ref_minus_lcs:    1.23336 MB (0.493356 bpc)
seq_minus_lcs:    1.23341 MB (0.493374 bpc)
bwt_lcs:          3.52466 MB (1.40989 bpc)
text_lcs:         2.47926 MB (0.991727 bpc)
SA samples:       0.243196 MB (0.0972804 bpc)
ISA samples:      0.122079 MB (0.0488327 bpc)
Relative FM:      8.83632 MB (3.53461 bpc)

The RLZ parsing of the LCP array consists of 2378138 phrases
Relative LCP array built in 43.3112 seconds

LCP array:        22.0899 MB (8.83618 bpc)

Phrases:          7.08742 MB (2.83503 bpc)
Blocks:           1.82724 MB (0.730913 bpc)
Samples:          2.32562 MB (0.930271 bpc)
Tree:             3.08502 MB (1.23404 bpc)
Relative LCP:     14.3253 MB (5.73025 bpc)


Target: seq23
Reference size: 20971521
Target size: 20972932
Built the merging bitvector in 12.6264 seconds
Matched 18758753 positions in 33.1892 seconds
Found a common subsequence of length 17460398 in 4.21163 seconds
Built the bwt_lcs bitvectors and samples in 6.82431 seconds
Index built in 57.9932 seconds

BWT:              7.51818 MB (3.00707 bpc)
SA samples:       3.67673 MB (1.47059 bpc)
ISA samples:      0.97664 MB (0.39063 bpc)
Simple FM:        12.1719 MB (4.86843 bpc)

ref_minus_lcs:    1.26751 MB (0.506969 bpc)
seq_minus_lcs:    1.26843 MB (0.507339 bpc)
bwt_lcs:          3.56235 MB (1.42484 bpc)
text_lcs:         2.47736 MB (0.990878 bpc)
SA samples:       0.243218 MB (0.0972808 bpc)
ISA samples:      0.122094 MB (0.0488344 bpc)
Relative FM:      8.94132 MB (3.57629 bpc)

The RLZ parsing of the LCP array consists of 2427059 phrases
Relative LCP array built in 41.4379 seconds

LCP array:        22.0892 MB (8.83508 bpc)

Phrases:          7.23321 MB (2.89309 bpc)
Blocks:           1.85199 MB (0.740748 bpc)
Samples:          2.49571 MB (0.998215 bpc)
Tree:             3.33182 MB (1.33264 bpc)
Relative LCP:     14.9127 MB (5.96469 bpc)


Target: seq24
Reference size: 20971521
Target size: 20971222
Built the merging bitvector in 13.7537 seconds
Matched 18806711 positions in 32.8319 seconds
Found a common subsequence of length 17510626 in 4.05134 seconds
Built the bwt_lcs bitvectors and samples in 5.02688 seconds
Index built in 56.8045 seconds

BWT:              7.51771 MB (3.00713 bpc)
SA samples:       3.67643 MB (1.47059 bpc)
ISA samples:      0.976563 MB (0.390631 bpc)
Simple FM:        12.1711 MB (4.86849 bpc)

ref_minus_lcs:    1.22522 MB (0.490097 bpc)
seq_minus_lcs:    1.22561 MB (0.490253 bpc)
bwt_lcs:          3.51318 MB (1.40529 bpc)
text_lcs:         2.47703 MB (0.990824 bpc)
SA samples:       0.243203 MB (0.0972826 bpc)
ISA samples:      0.122079 MB (0.0488323 bpc)
Relative FM:      8.80669 MB (3.52272 bpc)

The RLZ parsing of the LCP array consists of 2376585 phrases
Relative LCP array built in 51.6197 seconds

LCP array:        22.0887 MB (8.83561 bpc)

Phrases:          7.08279 MB (2.83316 bpc)
Blocks:           1.82646 MB (0.730592 bpc)
Samples:          2.31912 MB (0.927663 bpc)
Tree:             3.08327 MB (1.23333 bpc)
Relative LCP:     14.3116 MB (5.72474 bpc)


Target: seq25
Reference size: 20971521
Target size: 20971249
Built the merging bitvector in 12.5337 seconds
Matched 18805252 positions in 33.2489 seconds
Found a common subsequence of length 17506027 in 4.2045 seconds
Built the bwt_lcs bitvectors and samples in 7.61845 seconds
Index built in 58.7639 seconds

BWT:              7.51769 MB (3.00712 bpc)
SA samples:       3.67644 MB (1.47059 bpc)
ISA samples:      0.976563 MB (0.39063 bpc)
Simple FM:        12.171 MB (4.86848 bpc)

ref_minus_lcs:    1.22711 MB (0.490851 bpc)
seq_minus_lcs:    1.22723 MB (0.490897 bpc)
bwt_lcs:          3.51633 MB (1.40655 bpc)
text_lcs:         2.47819 MB (0.991287 bpc)
SA samples:       0.243203 MB (0.0972825 bpc)
ISA samples:      0.122079 MB (0.0488322 bpc)
Relative FM:      8.8145 MB (3.52584 bpc)

The RLZ parsing of the LCP array consists of 2376364 phrases
Relative LCP array built in 49.8947 seconds

LCP array:        22.0877 MB (8.83521 bpc)

Phrases:          7.08213 MB (2.83289 bpc)
Blocks:           1.82639 MB (0.730567 bpc)
Samples:          2.31829 MB (0.927329 bpc)
Tree:             3.08279 MB (1.23313 bpc)
Relative LCP:     14.3096 MB (5.72392 bpc)


Memory usage: 581.926 MB

Total: 240325131
~bpc: 3.84917
Ratio: 0.0153977

End
Tue Apr 21 18:54:21 BST 2015


------------------------------------------------------------
Sender: LSF System <lsfadmin@vr-2-3-16>
Subject: Job 3896909: </nfs/users/nfs_j/js35/job_scripts/index_multi 0.0100 4> in cluster <vr> Done

Job </nfs/users/nfs_j/js35/job_scripts/index_multi 0.0100 4> was submitted from host <vr-2-2-02> by user <js35> in cluster <vr>.
Job was executed on host(s) <4*vr-2-3-16>, in queue <long>, as user <js35> in cluster <vr>.
</nfs/users/nfs_j/js35> was used as the home directory.
</nfs/users/nfs_j/js35> was used as the working directory.
Started at Sat Apr 18 23:17:59 2015
Results reported at Tue Apr 21 18:54:21 2015

Your job looked like:

------------------------------------------------------------
# LSBATCH: User input
/nfs/users/nfs_j/js35/job_scripts/index_multi 0.0100 4
------------------------------------------------------------

Successfully completed.

Resource usage summary:

    CPU time :               245299.06 sec.
    Max Memory :             61937 MB
    Average Memory :         1917.29 MB
    Total Requested Memory : 32768.00 MB
    Delta Memory :           -29169.00 MB
    (Delta: the difference between total requested memory and actual max usage.)
    Max Swap :               62016 MB

    Max Processes :          4
    Max Threads :            8

The output (if any) is above this job summary.



PS:

Read file </nfs/users/nfs_j/js35/logs/index_multi_0.0100.err> for stderr output of this job.

