Start
Thu Apr 16 09:42:00 BST 2015

Indexing a synthetic human genome

Reference: human
Mutation rate: 0.0030
Target: synth_0.0030
Threads: 8

Sequence mutator

Source: human
Size: 3095693981
Target: synth_0.0030
Mutation rate: 0.003

Target size: 3095695940
Substitutions: 7712195
Insertions: 464263, total size 2323116
Deletions: 465186, total size 2321157

BWT construction
Options: alphabet isa_sample_rate=64 lcp sa_sample_rate=17

File: synth_0.0030
Text size: 3095695940
BWT built in 1283.34 seconds (2.30047 MB/s)
Alphabet written to synth_0.0030.alpha
BWT written to synth_0.0030.bwt
Samples written to synth_0.0030.samples
LCP array built in 836.026 seconds (3.53133 MB/s)
LCP array written to synth_0.0030.lcp

Relative FM-index and LCP array builder
Using OpenMP with 8 threads

Algorithm: invariant
Input format: plain
SA sample rate: 257
ISA sample rate: 512

Reference: human

BWT:              1120.49 MB (3.03628 bpc)
SA samples:       694.655 MB (1.88235 bpc)
ISA samples:      184.518 MB (0.5 bpc)
Simple FM:        1999.67 MB (5.41863 bpc)

LCP array:        3862.42 MB (10.4663 bpc)


Target: synth_0.0030
Reference size: 3095693982
Target size: 3095695941
Built the merging bitvector in 3327.42 seconds
Matched 2975880923 positions in 8107.36 seconds
Found a common subsequence of length 2890004816 in 1004.44 seconds
Built the bwt_lcs bitvectors and samples in 1751.62 seconds
Index built in 14266.9 seconds

BWT:              1120.59 MB (3.03654 bpc)
SA samples:       694.655 MB (1.88235 bpc)
ISA samples:      184.518 MB (0.5 bpc)
Simple FM:        1999.76 MB (5.41889 bpc)

ref_minus_lcs:    71.3826 MB (0.19343 bpc)
seq_minus_lcs:    71.4762 MB (0.193684 bpc)
bwt_lcs:          315.278 MB (0.854329 bpc)
text_lcs:         201.417 MB (0.545792 bpc)
SA samples:       45.95 MB (0.124514 bpc)
ISA samples:      23.0647 MB (0.0625 bpc)
Relative FM:      728.569 MB (1.97425 bpc)

The RLZ parsing of the LCP array consists of 241958257 phrases
Relative LCP array built in 12312 seconds

LCP array:        3831.58 MB (10.3827 bpc)

Phrases:          922.998 MB (2.50111 bpc)
Blocks:           190.458 MB (0.516096 bpc)
Samples:          296.441 MB (0.803286 bpc)
Tree:             389.297 MB (1.0549 bpc)
Relative LCP:     1799.19 MB (4.87539 bpc)


Memory usage: 101973 MB


End
Thu Apr 16 17:47:10 BST 2015


------------------------------------------------------------
Sender: LSF System <lsfadmin@vr-4-1-11>
Subject: Job 3888643: </nfs/users/nfs_j/js35/job_scripts/index_synth 0.0030 8> in cluster <vr> Done

Job </nfs/users/nfs_j/js35/job_scripts/index_synth 0.0030 8> was submitted from host <vr-2-2-02> by user <js35> in cluster <vr>.
Job was executed on host(s) <8*vr-4-1-11>, in queue <long>, as user <js35> in cluster <vr>.
</nfs/users/nfs_j/js35> was used as the home directory.
</nfs/users/nfs_j/js35> was used as the working directory.
Started at Thu Apr 16 09:42:00 2015
Results reported at Thu Apr 16 17:47:14 2015

Your job looked like:

------------------------------------------------------------
# LSBATCH: User input
/nfs/users/nfs_j/js35/job_scripts/index_synth 0.0030 8
------------------------------------------------------------

Successfully completed.

Resource usage summary:

    CPU time :               30709.48 sec.
    Max Memory :             101978 MB
    Average Memory :         26725.39 MB
    Total Requested Memory : 131072.00 MB
    Delta Memory :           29094.00 MB
    (Delta: the difference between total requested memory and actual max usage.)
    Max Swap :               109675 MB

    Max Processes :          4
    Max Threads :            12

The output (if any) is above this job summary.



PS:

Read file </nfs/users/nfs_j/js35/logs/index_synth_0.0030.err> for stderr output of this job.

