Start
Fri Apr 17 09:18:50 BST 2015

Testing the relative FM-index with assembled genomes

Reference: human
Target: old_maternal
Threads: 8

BWT construction
Options: alphabet

File: old_maternal
Text size: 3036191207
BWT built in 997.387 seconds (2.90312 MB/s)
Alphabet written to old_maternal.alpha
BWT written to old_maternal.bwt

Relative FM-index builder
Using OpenMP with 8 threads

Algorithm: partitioning
Input format: plain
Block size: 1024
Maximum diagonal: 8192
Maximum length: 32
Buffers: on demand

Reference: human

BWT:              1120.49 MB (3.03628 bpc)
SA samples:       694.655 MB (1.88235 bpc)
ISA samples:      184.518 MB (0.5 bpc)
Simple FM:        1999.67 MB (5.41863 bpc)


Target: old_maternal
Reference size: 3095693982
Target size: 3036191208
Found 8327360 ranges with intersection length 3033218320 in 15.5448 seconds
Partitioning misses: reference 1832, target 741
Partitioning losses: reference 62473830, target 2972147
Found a common subsequence of length 2991932598 in 82.5311 seconds
LCS losses: exact 41247729, heuristics 37993

Index built in 140.969 seconds

BWT:              1090.24 MB (3.01219 bpc)
Simple FM:        1090.24 MB (3.01219 bpc)

ref_minus_lcs:    38.5664 MB (0.106554 bpc)
seq_minus_lcs:    15.1568 MB (0.0418764 bpc)
bwt_lcs:          163.937 MB (0.452938 bpc)
Relative FM:      217.661 MB (0.60137 bpc)


Memory usage: 5076.3 MB


End
Fri Apr 17 09:42:11 BST 2015


------------------------------------------------------------
Sender: LSF System <lsfadmin@vr-4-1-04>
Subject: Job 3891260: </nfs/users/nfs_j/js35/job_scripts/old_rfm human old_maternal 8> in cluster <vr> Done

Job </nfs/users/nfs_j/js35/job_scripts/old_rfm human old_maternal 8> was submitted from host <vr-2-2-02> by user <js35> in cluster <vr>.
Job was executed on host(s) <8*vr-4-1-04>, in queue <normal>, as user <js35> in cluster <vr>.
</nfs/users/nfs_j/js35> was used as the home directory.
</nfs/users/nfs_j/js35> was used as the working directory.
Started at Fri Apr 17 09:18:50 2015
Results reported at Fri Apr 17 09:42:11 2015

Your job looked like:

------------------------------------------------------------
# LSBATCH: User input
/nfs/users/nfs_j/js35/job_scripts/old_rfm human old_maternal 8
------------------------------------------------------------

Successfully completed.

Resource usage summary:

    CPU time :               1906.53 sec.
    Max Memory :             26067 MB
    Average Memory :         19337.09 MB
    Total Requested Memory : 32768.00 MB
    Delta Memory :           6701.00 MB
    (Delta: the difference between total requested memory and actual max usage.)
    Max Swap :               26128 MB

    Max Processes :          4
    Max Threads :            12

The output (if any) is above this job summary.



PS:

Read file </nfs/users/nfs_j/js35/logs/old_rfm_3891260.err> for stderr output of this job.

