Start
Fri Apr 17 09:19:00 BST 2015

Testing the relative FM-index with assembled genomes

Reference: female
Target: old_maternal2
Threads: 8

BWT construction
Options: alphabet

File: old_maternal2
Text size: 3036191207
BWT built in 913.255 seconds (3.17057 MB/s)
Alphabet written to old_maternal2.alpha
BWT written to old_maternal2.bwt

Relative FM-index builder
Using OpenMP with 8 threads

Algorithm: partitioning
Input format: plain
Block size: 1024
Maximum diagonal: 8192
Maximum length: 32
Buffers: on demand

Reference: female

BWT:              1090.28 MB (3.01219 bpc)
SA samples:       681.332 MB (1.88235 bpc)
ISA samples:      180.979 MB (0.5 bpc)
Simple FM:        1952.6 MB (5.39454 bpc)


Target: old_maternal2
Reference size: 3036320416
Target size: 3036191208
Found 8315561 ranges with intersection length 3028240572 in 15.903 seconds
Partitioning misses: reference 698, target 796
Partitioning losses: reference 8079146, target 7949840
Found a common subsequence of length 2990988921 in 79.6782 seconds
LCS losses: exact 37213658, heuristics 37993

Index built in 136.634 seconds

BWT:              1090.24 MB (3.01219 bpc)
Simple FM:        1090.24 MB (3.01219 bpc)

ref_minus_lcs:    15.5191 MB (0.0428772 bpc)
seq_minus_lcs:    15.4758 MB (0.0427576 bpc)
bwt_lcs:          150.468 MB (0.415724 bpc)
Relative FM:      181.463 MB (0.50136 bpc)


Memory usage: 4977.85 MB


End
Fri Apr 17 09:40:34 BST 2015


------------------------------------------------------------
Sender: LSF System <lsfadmin@vr-4-1-04>
Subject: Job 3891261: </nfs/users/nfs_j/js35/job_scripts/old_rfm female old_maternal2 8> in cluster <vr> Done

Job </nfs/users/nfs_j/js35/job_scripts/old_rfm female old_maternal2 8> was submitted from host <vr-2-2-02> by user <js35> in cluster <vr>.
Job was executed on host(s) <8*vr-4-1-04>, in queue <normal>, as user <js35> in cluster <vr>.
</nfs/users/nfs_j/js35> was used as the home directory.
</nfs/users/nfs_j/js35> was used as the working directory.
Started at Fri Apr 17 09:19:00 2015
Results reported at Fri Apr 17 09:40:40 2015

Your job looked like:

------------------------------------------------------------
# LSBATCH: User input
/nfs/users/nfs_j/js35/job_scripts/old_rfm female old_maternal2 8
------------------------------------------------------------

Successfully completed.

Resource usage summary:

    CPU time :               1789.27 sec.
    Max Memory :             26067 MB
    Average Memory :         19331.80 MB
    Total Requested Memory : 32768.00 MB
    Delta Memory :           6701.00 MB
    (Delta: the difference between total requested memory and actual max usage.)
    Max Swap :               26128 MB

    Max Processes :          4
    Max Threads :            12

The output (if any) is above this job summary.



PS:

Read file </nfs/users/nfs_j/js35/logs/old_rfm_3891261.err> for stderr output of this job.

