Start
Fri Apr 17 15:15:44 BST 2015

Testing the relative FM-index with assembled genomes

Reference: female
Target: old_paternal2
Threads: 8

BWT construction
Options: alphabet

File: old_paternal2
Text size: 3036185259
BWT built in 1068.8 seconds (2.70914 MB/s)
Alphabet written to old_paternal2.alpha
BWT written to old_paternal2.bwt

Relative FM-index builder
Using OpenMP with 8 threads

Algorithm: partitioning
Input format: plain
Block size: 1024
Maximum diagonal: 8192
Maximum length: 32
Buffers: on demand

Reference: female

BWT:              1090.28 MB (3.01219 bpc)
SA samples:       681.332 MB (1.88235 bpc)
ISA samples:      180.979 MB (0.5 bpc)
Simple FM:        1952.6 MB (5.39454 bpc)


Target: old_paternal2
Reference size: 3036320416
Target size: 3036185260
Found 8315237 ranges with intersection length 3028232265 in 17.0266 seconds
Partitioning misses: reference 745, target 754
Partitioning losses: reference 8087406, target 7952241
Found a common subsequence of length 2990927430 in 88.7386 seconds
LCS losses: exact 37266787, heuristics 38048

Index built in 142.53 seconds

BWT:              1090.24 MB (3.01219 bpc)
Simple FM:        1090.24 MB (3.0122 bpc)

ref_minus_lcs:    15.5404 MB (0.0429363 bpc)
seq_minus_lcs:    15.4946 MB (0.0428098 bpc)
bwt_lcs:          150.539 MB (0.41592 bpc)
Relative FM:      181.574 MB (0.501667 bpc)


Memory usage: 4977.84 MB


End
Fri Apr 17 15:40:14 BST 2015


------------------------------------------------------------
Sender: LSF System <lsfadmin@vr-4-1-14>
Subject: Job 3892022: </nfs/users/nfs_j/js35/job_scripts/old_rfm female old_paternal2 8> in cluster <vr> Done

Job </nfs/users/nfs_j/js35/job_scripts/old_rfm female old_paternal2 8> was submitted from host <vr-2-2-02> by user <js35> in cluster <vr>.
Job was executed on host(s) <8*vr-4-1-14>, in queue <normal>, as user <js35> in cluster <vr>.
</nfs/users/nfs_j/js35> was used as the home directory.
</nfs/users/nfs_j/js35> was used as the working directory.
Started at Fri Apr 17 15:15:44 2015
Results reported at Fri Apr 17 15:40:14 2015

Your job looked like:

------------------------------------------------------------
# LSBATCH: User input
/nfs/users/nfs_j/js35/job_scripts/old_rfm female old_paternal2 8
------------------------------------------------------------

Successfully completed.

Resource usage summary:

    CPU time :               2039.12 sec.
    Max Memory :             26067 MB
    Average Memory :         19049.72 MB
    Total Requested Memory : 32768.00 MB
    Delta Memory :           6701.00 MB
    (Delta: the difference between total requested memory and actual max usage.)
    Max Swap :               26128 MB

    Max Processes :          4
    Max Threads :            12

The output (if any) is above this job summary.



PS:

Read file </nfs/users/nfs_j/js35/logs/old_rfm_3892022.err> for stderr output of this job.

