Start
Wed Apr 22 10:40:57 BST 2015

Verifying LF/Psi operations

Reference: female
Target: maternal2

RFM and RLCP verifier

Reference: female

FM-index:         1952.6 MB (5.39454 bpc)

LCP array:        3690.1 MB (10.1948 bpc)


Target: maternal2

BWT:              1090.24 MB (3.01219 bpc)
SA samples:       681.303 MB (1.88235 bpc)
ISA samples:      180.971 MB (0.5 bpc)
Simple FM:        1952.51 MB (5.39455 bpc)

ref_minus_lcs:    19.2911 MB (0.053299 bpc)
seq_minus_lcs:    19.2473 MB (0.0531778 bpc)
bwt_lcs:          163.138 MB (0.450729 bpc)
text_lcs:         125.532 MB (0.34683 bpc)
SA samples:       45.0667 MB (0.124514 bpc)
ISA samples:      22.6214 MB (0.0625 bpc)
Relative FM:      394.897 MB (1.09105 bpc)

LCP array:        3689.77 MB (10.1944 bpc)

Phrases:          400.738 MB (1.10719 bpc)
Blocks:           97.8164 MB (0.270254 bpc)
Samples:          109.513 MB (0.302572 bpc)
Tree:             141.778 MB (0.391715 bpc)
Relative LCP:     749.846 MB (2.07173 bpc)

LF (FM):          10000000 queries in 6.26621 seconds (0.626621 µs/query)

LF (RFM):         10000000 queries in 38.6133 seconds (3.86133 µs/query)

Psi (FM):         10000000 queries in 15.6329 seconds (1.56329 µs/query)

Psi (RFM, slow):  10000000 queries in 550.679 seconds (55.0679 µs/query)

Select structures built in 563.098 seconds
Relative select:  163.182 MB (0.450851 bpc)

Psi (RFM, fast):  10000000 queries in 64.8574 seconds (6.48574 µs/query)


Memory used: 13888.1 MB


End
Wed Apr 22 11:04:59 BST 2015


------------------------------------------------------------
Sender: LSF System <lsfadmin@vr-2-3-16>
Subject: Job 3917633: </nfs/users/nfs_j/js35/job_scripts/verify_psi female maternal2> in cluster <vr> Done

Job </nfs/users/nfs_j/js35/job_scripts/verify_psi female maternal2> was submitted from host <vr-2-2-02> by user <js35> in cluster <vr>.
Job was executed on host(s) <32*vr-2-3-16>, in queue <normal>, as user <js35> in cluster <vr>.
</nfs/users/nfs_j/js35> was used as the home directory.
</nfs/users/nfs_j/js35> was used as the working directory.
Started at Wed Apr 22 10:40:57 2015
Results reported at Wed Apr 22 11:04:59 2015

Your job looked like:

------------------------------------------------------------
# LSBATCH: User input
/nfs/users/nfs_j/js35/job_scripts/verify_psi female maternal2
------------------------------------------------------------

Successfully completed.

Resource usage summary:

    CPU time :               1452.93 sec.
    Max Memory :             13611 MB
    Average Memory :         11727.12 MB
    Total Requested Memory : 16384.00 MB
    Delta Memory :           2773.00 MB
    (Delta: the difference between total requested memory and actual max usage.)
    Max Swap :               13672 MB

    Max Processes :          4
    Max Threads :            5

The output (if any) is above this job summary.



PS:

Read file </nfs/users/nfs_j/js35/logs/verify_psi_3917633.err> for stderr output of this job.

