Start time: 1493803915

BWT construction
Options: isa_sample_rate=64 sa_sample_rate=7

File: female
Text size: 3036320415
BWT built in 874.064 seconds (3.31287 MB/s)
Alphabet written to female.alpha
BWT written to female.bwt
Samples written to female.samples

File: maternal2
Text size: 3036191207
BWT built in 873.627 seconds (3.31439 MB/s)
Alphabet written to maternal2.alpha
BWT written to maternal2.bwt
Samples written to maternal2.samples

Query test

Reference: female
Sequence: maternal2
Patterns: patterns

Read 2000000 patterns of total length 64000000


Executing locate() queries.

SimpleFM<plain>:  3083.46 MB (8.51921 bpc)
SimpleFM<plain>:  Found 2000000 patterns with 254997642 occ in 170.13 seconds (1.49884e+06 occ/s)
Hash of located positions: 11653246869206397622

SimpleFM<rrr>:    2471.56 MB (6.82859 bpc)
SimpleFM<rrr>:    Found 2000000 patterns with 254997642 occ in 1424.32 seconds (179031 occ/s)
Hash of located positions: 11653246869206397622

RFM<plain,plain>: 400.462 MB (1.10643 bpc)
RFM<plain,plain>: Found 2000000 patterns with 254997642 occ in 1556.7 seconds (163807 occ/s)
Hash of located positions: 11653246869206397622


Memory usage: 3838.38 MB

Finish time: 1493809175
