Start
Mon May  4 18:59:53 BST 2015

Verifying LF/Psi operations

old_maternal vs. human
old_maternal2 vs. female

RFM and RLCP verifier

Reference: human

FM-index:         1999.67 MB (5.41863 bpc)

LCP array:        3862.42 MB (10.4663 bpc)


Target: old_maternal

BWT:              1090.24 MB (3.01219 bpc)
Simple FM:        1090.24 MB (3.01219 bpc)

ref_minus_lcs:    38.5664 MB (0.106554 bpc)
seq_minus_lcs:    15.1568 MB (0.0418764 bpc)
bwt_lcs:          163.937 MB (0.452938 bpc)
Relative FM:      217.661 MB (0.60137 bpc)

LCP array:        2.47955e-05 MB (inf bpc)

Phrases:          8.58307e-06 MB (inf bpc)
Blocks:           4.76837e-05 MB (inf bpc)
Samples:          2.47955e-05 MB (inf bpc)
Tree:             3.24249e-05 MB (inf bpc)
Relative LCP:     0.000113487 MB (inf bpc)

LF (FM):          100000000 queries in 55.0136 seconds (0.550136 µs/query)

LF (RFM):         100000000 queries in 395.389 seconds (3.95389 µs/query)

Psi (FM):         100000000 queries in 122.035 seconds (1.22035 µs/query)

Psi (RFM, slow):  100000000 queries in 4797.44 seconds (47.9744 µs/query)

Select structures built in 317.142 seconds
Relative select:  163.683 MB (0.452234 bpc)

Psi (RFM, fast):  100000000 queries in 611.072 seconds (6.11072 µs/query)


Memory used: 8995.61 MB

RFM and RLCP verifier

Reference: female

FM-index:         1952.6 MB (5.39454 bpc)

LCP array:        3690.1 MB (10.1948 bpc)


Target: old_maternal2

BWT:              1090.24 MB (3.01219 bpc)
Simple FM:        1090.24 MB (3.01219 bpc)

ref_minus_lcs:    15.5191 MB (0.0428772 bpc)
seq_minus_lcs:    15.4758 MB (0.0427576 bpc)
bwt_lcs:          150.468 MB (0.415724 bpc)
Relative FM:      181.463 MB (0.50136 bpc)

LCP array:        2.47955e-05 MB (inf bpc)

Phrases:          8.58307e-06 MB (inf bpc)
Blocks:           4.76837e-05 MB (inf bpc)
Samples:          2.47955e-05 MB (inf bpc)
Tree:             3.24249e-05 MB (inf bpc)
Relative LCP:     0.000113487 MB (inf bpc)

LF (FM):          100000000 queries in 55.1854 seconds (0.551854 µs/query)

LF (RFM):         100000000 queries in 384.258 seconds (3.84258 µs/query)

Psi (FM):         100000000 queries in 110.638 seconds (1.10638 µs/query)

Psi (RFM, slow):  100000000 queries in 4482.79 seconds (44.8279 µs/query)

Select structures built in 310.814 seconds
Relative select:  150.229 MB (0.415063 bpc)

Psi (RFM, fast):  100000000 queries in 611.884 seconds (6.11884 µs/query)


Memory used: 8708.63 MB


End
Mon May  4 22:30:22 BST 2015


------------------------------------------------------------
Sender: LSF System <lsfadmin@vr-4-1-02>
Subject: Job 3963100: </nfs/users/nfs_j/js35/job_scripts/verify_psi> in cluster <vr> Done

Job </nfs/users/nfs_j/js35/job_scripts/verify_psi> was submitted from host <vr-2-2-02> by user <js35> in cluster <vr>.
Job was executed on host(s) <32*vr-4-1-02>, in queue <normal>, as user <js35> in cluster <vr>.
</nfs/users/nfs_j/js35> was used as the home directory.
</nfs/users/nfs_j/js35> was used as the working directory.
Started at Mon May  4 18:59:52 2015
Results reported at Mon May  4 22:30:22 2015

Your job looked like:

------------------------------------------------------------
# LSBATCH: User input
/nfs/users/nfs_j/js35/job_scripts/verify_psi
------------------------------------------------------------

Successfully completed.

Resource usage summary:

    CPU time :               13223.80 sec.
    Max Memory :             8478 MB
    Average Memory :         8060.76 MB
    Total Requested Memory : 16384.00 MB
    Delta Memory :           7906.00 MB
    (Delta: the difference between total requested memory and actual max usage.)
    Max Swap :               8662 MB

    Max Processes :          4
    Max Threads :            36

The output (if any) is above this job summary.



PS:

Read file </nfs/users/nfs_j/js35/logs/verify_psi_3963100.err> for stderr output of this job.

